#
# There is insufficient memory for the Java Runtime Environment to continue.
# Native memory allocation (malloc) failed to allocate 2097152 bytes for AllocateHeap
# Possible reasons:
#   The system is out of physical RAM or swap space
#   The process is running with CompressedOops enabled, and the Java Heap may be blocking the growth of the native heap
# Possible solutions:
#   Reduce memory load on the system
#   Increase physical memory or swap space
#   Check if swap backing store is full
#   Decrease Java heap size (-Xmx/-Xms)
#   Decrease number of Java threads
#   Decrease Java thread stack sizes (-Xss)
#   Set larger code cache with -XX:ReservedCodeCacheSize=
#   JVM is running with Zero Based Compressed Oops mode in which the Java heap is
#     placed in the first 32GB address space. The Java Heap base address is the
#     maximum limit for the native heap growth. Please use -XX:HeapBaseMinAddress
#     to set the Java Heap base and to place the Java Heap above 32GB virtual address.
# This output file may be truncated or incomplete.
#
#  Out of Memory Error (allocation.cpp:44), pid=15320, tid=11636
#
# JRE version: OpenJDK Runtime Environment Temurin-17.0.7+7 (17.0.7+7) (build 17.0.7+7)
# Java VM: OpenJDK 64-Bit Server VM Temurin-17.0.7+7 (17.0.7+7, mixed mode, sharing, tiered, compressed oops, compressed class ptrs, g1 gc, windows-amd64)
# No core dump will be written. Minidumps are not enabled by default on client versions of Windows
#

---------------  S U M M A R Y ------------

Command Line: -Dsun.java2d.pmoffscreen=false -Dhttps.protocols=TLSv1,TLSv1.1,TLSv1.2 -Dsun.java2d.xrender=false -Dsun.java2d.d3d=false -Dsun.awt.nopixfmt=true -Dsun.java2d.dpiaware=true -Dsun.java2d.uiScale.enabled=false -Dswing.aatext=true -XX:-UsePerfData -Djdk.map.althashing.threshold=512 -XX:StringTableSize=4072 -XX:+UseStringDeduplication -XX:MaxGCPauseMillis=200 -XX:+ParallelRefProcEnabled --add-opens=java.desktop/javax.swing.plaf.synth=ALL-UNNAMED --add-opens=java.base/java.nio=ALL-UNNAMED --add-opens=java.desktop/sun.swing=ALL-UNNAMED --add-opens=java.desktop/javax.swing=ALL-UNNAMED --add-opens=java.desktop/javax.swing.tree=ALL-UNNAMED --add-opens=java.desktop/javax.swing.plaf.basic=ALL-UNNAMED --add-opens=java.desktop/javax.swing.plaf.synth=ALL-UNNAMED --add-opens=java.desktop/javax.swing.plaf.basic=ALL-UNNAMED --add-opens=java.desktop/javax.swing=ALL-UNNAMED --add-opens=java.desktop/javax.swing.tree=ALL-UNNAMED --add-opens=java.desktop/java.awt.event=ALL-UNNAMED --add-exports=java.desktop/javax.swing.plaf.synth=ALL-UNNAMED --add-exports=java.base/java.nio=ALL-UNNAMED --add-exports=java.desktop/sun.swing=ALL-UNNAMED --add-exports=java.desktop/javax.swing=ALL-UNNAMED --add-exports=java.desktop/javax.swing.tree=ALL-UNNAMED --add-exports=java.desktop/javax.swing.plaf.basic=ALL-UNNAMED --add-exports=java.desktop/sun.swing=ALL-UNNAMED --add-exports=java.desktop/sun.swing.table=ALL-UNNAMED --add-exports=java.desktop/sun.swing.plaf.synth=ALL-UNNAMED --add-exports=java.desktop/sun.awt.shell=ALL-UNNAMED --add-exports=java.base/sun.security.action=ALL-UNNAMED --add-exports=java.desktop/sun.font=ALL-UNNAMED -XX:NewSize=80m -XX:MaxNewSize=80m -Xms512m -Xmx4072m -Xss10m 

Host: AMD Ryzen 5 3500U with Radeon Vega Mobile Gfx  , 8 cores, 6G,  Windows 10 , 64 bit Build 19041 (10.0.19041.3636)
Time: Wed May  8 15:08:42 2024 Hora de verano romance elapsed time: 1125.465280 seconds (0d 0h 18m 45s)

---------------  T H R E A D  ---------------

Current thread (0x0000014c5487dd10):  VMThread "VM Thread" [stack: 0x0000003afd700000,0x0000003afd800000] [id=11636]

Stack: [0x0000003afd700000,0x0000003afd800000]
Native frames: (J=compiled Java code, j=interpreted, Vv=VM code, C=native code)
V  [jvm.dll+0x67754a]
V  [jvm.dll+0x834304]
V  [jvm.dll+0x835aae]
V  [jvm.dll+0x836113]
V  [jvm.dll+0x24696f]
V  [jvm.dll+0xa681f]
V  [jvm.dll+0x2f7481]
V  [jvm.dll+0x2f30f0]
V  [jvm.dll+0x2db6c7]
V  [jvm.dll+0x31e777]
V  [jvm.dll+0x83a5bb]
V  [jvm.dll+0x83b2f4]
V  [jvm.dll+0x83b80c]
V  [jvm.dll+0x83bbe4]
V  [jvm.dll+0x83bcb0]
V  [jvm.dll+0x7e4e7a]
V  [jvm.dll+0x676395]
C  [ucrtbase.dll+0x21bb2]
C  [KERNEL32.DLL+0x17344]
C  [ntdll.dll+0x526b1]

VM_Operation (0x0000003a95bfef40): G1CollectFull, mode: safepoint, requested by thread 0x0000014c1833f280


---------------  P R O C E S S  ---------------

Threads class SMR info:
_java_thread_list=0x0000014c0c52d2b0, length=40, elements={
0x0000014c5490eb30, 0x0000014c55a7e560, 0x0000014c55a80e30, 0x0000014c55ae30d0,
0x0000014c55ae3da0, 0x0000014c55ae6e80, 0x0000014c55aeb750, 0x0000014c55af45d0,
0x0000014c55af2260, 0x0000014c55af7c10, 0x0000014c55c8d5a0, 0x0000014c7d0200d0,
0x0000014c7d931c00, 0x0000014c7dc236b0, 0x0000014c7d62f300, 0x0000014c7e2beba0,
0x0000014c7eb605a0, 0x0000014c7ec011e0, 0x0000014c7ec029f0, 0x0000014c7ec016b0,
0x0000014c7ebffea0, 0x0000014c047ef250, 0x0000014c047f00c0, 0x0000014c02aecd60,
0x0000014c02ae8ed0, 0x0000014c02aee570, 0x0000014c08bdb170, 0x0000014c08be7b90,
0x0000014c1833e8e0, 0x0000014c18337090, 0x0000014c18344450, 0x0000014c18344920,
0x0000014c18340f60, 0x0000014c18344df0, 0x0000014c18342c40, 0x0000014c18346130,
0x0000014c183452c0, 0x0000014c18345790, 0x0000014c183435e0, 0x0000014c1833f280
}

Java Threads: ( => current thread )
  0x0000014c5490eb30 JavaThread "main" [_thread_blocked, id=3624, stack(0x0000003afd000000,0x0000003afd100000)]
  0x0000014c55a7e560 JavaThread "Reference Handler" daemon [_thread_blocked, id=8604, stack(0x0000003afd800000,0x0000003afe200000)]
  0x0000014c55a80e30 JavaThread "Finalizer" daemon [_thread_blocked, id=5760, stack(0x0000003afe200000,0x0000003afec00000)]
  0x0000014c55ae30d0 JavaThread "Signal Dispatcher" daemon [_thread_blocked, id=6604, stack(0x0000003afec00000,0x0000003aff600000)]
  0x0000014c55ae3da0 JavaThread "Attach Listener" daemon [_thread_blocked, id=2728, stack(0x0000003aff600000,0x0000003b00000000)]
  0x0000014c55ae6e80 JavaThread "Service Thread" daemon [_thread_blocked, id=10128, stack(0x0000003a80000000,0x0000003a80a00000)]
  0x0000014c55aeb750 JavaThread "Monitor Deflation Thread" daemon [_thread_blocked, id=1408, stack(0x0000003a80a00000,0x0000003a81400000)]
  0x0000014c55af45d0 JavaThread "C2 CompilerThread0" daemon [_thread_blocked, id=6324, stack(0x0000003a81400000,0x0000003a81500000)]
  0x0000014c55af2260 JavaThread "C1 CompilerThread0" daemon [_thread_blocked, id=15016, stack(0x0000003a81500000,0x0000003a81600000)]
  0x0000014c55af7c10 JavaThread "Sweeper thread" daemon [_thread_blocked, id=14688, stack(0x0000003a81600000,0x0000003a82000000)]
  0x0000014c55c8d5a0 JavaThread "Common-Cleaner" daemon [_thread_blocked, id=2508, stack(0x0000003a82000000,0x0000003a82a00000)]
  0x0000014c7d0200d0 JavaThread "Notification Thread" daemon [_thread_blocked, id=7976, stack(0x0000003a82a00000,0x0000003a83400000)]
  0x0000014c7d931c00 JavaThread "Java2D Disposer" daemon [_thread_blocked, id=15300, stack(0x0000003a83500000,0x0000003a83f00000)]
  0x0000014c7dc236b0 JavaThread "AWT-Shutdown" [_thread_blocked, id=8276, stack(0x0000003a83f00000,0x0000003a84900000)]
  0x0000014c7d62f300 JavaThread "AWT-Windows" daemon [_thread_in_native, id=1908, stack(0x0000003a84900000,0x0000003a85300000)]
  0x0000014c7e2beba0 JavaThread "TimerQueue" daemon [_thread_blocked, id=12300, stack(0x0000003a85300000,0x0000003a85d00000)]
  0x0000014c7eb605a0 JavaThread "AWT-EventQueue-0" [_thread_blocked, id=5136, stack(0x0000003a85d00000,0x0000003a86700000)]
  0x0000014c7ec011e0 JavaThread "Thread-1" [_thread_in_native, id=14632, stack(0x0000003afb600000,0x0000003afca00000)]
  0x0000014c7ec029f0 JavaThread "Process Messages Thread" [_thread_blocked, id=4432, stack(0x0000003a88500000,0x0000003a88f00000)]
  0x0000014c7ec016b0 JavaThread "Batik CleanerThread" daemon [_thread_blocked, id=11704, stack(0x0000003a87b00000,0x0000003a88500000)]
  0x0000014c7ebffea0 JavaThread "SyntheticaCleanerThread" daemon [_thread_blocked, id=2028, stack(0x0000003a89a00000,0x0000003a8a400000)]
  0x0000014c047ef250 JavaThread "Timer-0" [_thread_blocked, id=7680, stack(0x0000003a8ae00000,0x0000003a8b800000)]
  0x0000014c047f00c0 JavaThread "Monitor File Timestamp Swing Worker Thread" [_thread_blocked, id=3396, stack(0x0000003a8b800000,0x0000003a8c200000)]
  0x0000014c02aecd60 JavaThread "Monitor HEventQueue Thread" [_thread_blocked, id=9424, stack(0x0000003a8c300000,0x0000003a8cd00000)]
  0x0000014c02ae8ed0 JavaThread "SyntheticaAnimation 50" daemon [_thread_blocked, id=10220, stack(0x0000003a8cd00000,0x0000003a8d700000)]
  0x0000014c02aee570 JavaThread "SyntheticaAnimation 25" daemon [_thread_blocked, id=8268, stack(0x0000003a8d700000,0x0000003a8e100000)]
  0x0000014c08bdb170 JavaThread "Swing-Shell" daemon [_thread_blocked, id=9968, stack(0x0000003a89000000,0x0000003a89a00000)]
  0x0000014c08be7b90 JavaThread "SyntheticaAnimation 70" daemon [_thread_blocked, id=5680, stack(0x0000003a8e400000,0x0000003a8ee00000)]
  0x0000014c1833e8e0 JavaThread "Refresh Filesets Swing Worker Thread" [_thread_blocked, id=11048, stack(0x0000003a86700000,0x0000003a87100000)]
  0x0000014c18337090 JavaThread "hw_ila_monitor" [_thread_blocked, id=5828, stack(0x0000003a8a400000,0x0000003a8ae00000)]
  0x0000014c18344450 JavaThread "pool-2-thread-1" [_thread_blocked, id=15160, stack(0x0000003a90c00000,0x0000003a91600000)]
  0x0000014c18344920 JavaThread "Timer-1" [_thread_blocked, id=7764, stack(0x0000003a91600000,0x0000003a92000000)]
  0x0000014c18340f60 JavaThread "pool-3-thread-1" [_thread_blocked, id=9140, stack(0x0000003a92000000,0x0000003a92a00000)]
  0x0000014c18344df0 JavaThread "Timer-2" [_thread_blocked, id=10088, stack(0x0000003a92a00000,0x0000003a93400000)]
  0x0000014c18342c40 JavaThread "pool-4-thread-1" [_thread_blocked, id=10620, stack(0x0000003a93400000,0x0000003a93e00000)]
  0x0000014c18346130 JavaThread "Timer-3" [_thread_blocked, id=5656, stack(0x0000003a93e00000,0x0000003a94800000)]
  0x0000014c183452c0 JavaThread "Update Runs Swing Worker Thread" [_thread_blocked, id=13560, stack(0x0000003a94800000,0x0000003a95200000)]
  0x0000014c18345790 JavaThread "SyntheticaAnimation 50" daemon [_thread_blocked, id=3052, stack(0x0000003a8ee00000,0x0000003a8f800000)]
  0x0000014c183435e0 JavaThread "Run Simulation Thread" [_thread_in_native, id=14160, stack(0x0000003a8f900000,0x0000003a90300000)]
  0x0000014c1833f280 JavaThread "Trashcan Thread" [_thread_blocked, id=15140, stack(0x0000003a95200000,0x0000003a95c00000)]

Other Threads:
=>0x0000014c5487dd10 VMThread "VM Thread" [stack: 0x0000003afd700000,0x0000003afd800000] [id=11636]
  0x0000014c7d020880 WatcherThread [stack: 0x0000003a83400000,0x0000003a83500000] [id=13240]
  0x0000014c544249c0 GCTaskThread "GC Thread#0" [stack: 0x0000003afd100000,0x0000003afd200000] [id=14652]
  0x0000014c54424f20 GCTaskThread "GC Thread#1" [stack: 0x0000003a87100000,0x0000003a87200000] [id=2580]
  0x0000014c544251d0 GCTaskThread "GC Thread#2" [stack: 0x0000003a87200000,0x0000003a87300000] [id=12604]
  0x0000014c5441e900 GCTaskThread "GC Thread#3" [stack: 0x0000003a87300000,0x0000003a87400000] [id=5272]
  0x0000014c5441ee60 GCTaskThread "GC Thread#4" [stack: 0x0000003a87400000,0x0000003a87500000] [id=2040]
  0x0000014c54425480 GCTaskThread "GC Thread#5" [stack: 0x0000003a87500000,0x0000003a87600000] [id=8044]
  0x0000014c5441ebb0 GCTaskThread "GC Thread#6" [stack: 0x0000003a87600000,0x0000003a87700000] [id=8636]
  0x0000014c5441d630 GCTaskThread "GC Thread#7" [stack: 0x0000003a87700000,0x0000003a87800000] [id=8196]
  0x0000014c505759c0 ConcurrentGCThread "G1 Main Marker" [stack: 0x0000003afd200000,0x0000003afd300000] [id=4324]
  0x0000014c54422420 ConcurrentGCThread "G1 Conc#0" [stack: 0x0000003afd300000,0x0000003afd400000] [id=2616]
  0x0000014c5441db90 ConcurrentGCThread "G1 Conc#1" [stack: 0x0000003a88f00000,0x0000003a89000000] [id=804]
  0x0000014c5490b580 ConcurrentGCThread "G1 Refine#0" [stack: 0x0000003afd400000,0x0000003afd500000] [id=14416]
  0x0000014c5490c9a0 ConcurrentGCThread "G1 Refine#1" [stack: 0x0000003a87800000,0x0000003a87900000] [id=6320]
  0x0000014c559a9240 ConcurrentGCThread "G1 Service" [stack: 0x0000003afd500000,0x0000003afd600000] [id=1016]
  0x0000014c54424c70 ConcurrentGCThread "StringDedupProcessor" [stack: 0x0000003afd600000,0x0000003afd700000] [id=8084]

Threads with active compile tasks:

VM state: at safepoint (normal execution)

VM Mutex/Monitor currently owned by a thread:  ([mutex/lock_event])
[0x0000014c543bdab0] Threads_lock - owner thread: 0x0000014c5487dd10
[0x0000014c543bc940] Heap_lock - owner thread: 0x0000014c1833f280

Heap address: 0x0000000701800000, size: 4072 MB, Compressed Oops mode: Zero based, Oop shift amount: 3

CDS archive(s) mapped at: [0x0000000800000000-0x0000000800bc0000-0x0000000800bc0000), size 12320768, SharedBaseAddress: 0x0000000800000000, ArchiveRelocationMode: 0.
Compressed class space mapped at: 0x0000000801000000-0x0000000841000000, reserved size: 1073741824
Narrow klass base: 0x0000000800000000, Narrow klass shift: 0, Narrow klass range: 0x100000000

GC Precious Log:
 CPUs: 8 total, 8 available
 Memory: 7103M
 Large Page Support: Disabled
 NUMA Support: Disabled
 Compressed Oops: Enabled (Zero based)
 Heap Region Size: 2M
 Heap Min Capacity: 512M
 Heap Initial Capacity: 512M
 Heap Max Capacity: 4072M
 Pre-touch: Disabled
 Parallel Workers: 8
 Concurrent Workers: 2
 Concurrent Refinement Workers: 8
 Periodic GC: Disabled
 String Deduplication is enabled

Heap:
 garbage-first heap   total 524288K, used 91998K [0x0000000701800000, 0x0000000800000000)
  region size 2048K, 9 young (18432K), 0 survivors (0K)
 Metaspace       used 76936K, committed 77440K, reserved 1179648K
  class space    used 10959K, committed 11200K, reserved 1048576K

Heap Regions: E=young(eden), S=young(survivor), O=old, HS=humongous(starts), HC=humongous(continues), CS=collection set, F=free, OA=open archive, CA=closed archive, TAMS=top-at-mark-start (previous, next)
|   0|0x0000000701800000, 0x0000000701a00000, 0x0000000701a00000|100%|HS|  |TAMS 0x0000000701a00000, 0x0000000701800000| Untracked 
|   1|0x0000000701a00000, 0x0000000701bffff0, 0x0000000701c00000| 99%| O|  |TAMS 0x0000000701bffff0, 0x0000000701a00000| Untracked 
|   2|0x0000000701c00000, 0x0000000701e00000, 0x0000000701e00000|100%| O|  |TAMS 0x0000000701e00000, 0x0000000701c00000| Untracked 
|   3|0x0000000701e00000, 0x0000000701ffe298, 0x0000000702000000| 99%| O|  |TAMS 0x0000000701ffe298, 0x0000000701e00000| Untracked 
|   4|0x0000000702000000, 0x0000000702200000, 0x0000000702200000|100%| O|  |TAMS 0x0000000702200000, 0x0000000702000000| Untracked 
|   5|0x0000000702200000, 0x00000007023fffe0, 0x0000000702400000| 99%| O|  |TAMS 0x00000007023fffe0, 0x0000000702200000| Untracked 
|   6|0x0000000702400000, 0x0000000702600000, 0x0000000702600000|100%| O|  |TAMS 0x0000000702600000, 0x0000000702400000| Untracked 
|   7|0x0000000702600000, 0x00000007027f04c8, 0x0000000702800000| 96%| O|  |TAMS 0x00000007027f04c8, 0x0000000702600000| Untracked 
|   8|0x0000000702800000, 0x0000000702a00000, 0x0000000702a00000|100%| O|  |TAMS 0x0000000702a00000, 0x0000000702800000| Untracked 
|   9|0x0000000702a00000, 0x0000000702bffff8, 0x0000000702c00000| 99%| O|  |TAMS 0x0000000702bffff8, 0x0000000702a00000| Untracked 
|  10|0x0000000702c00000, 0x0000000702dffea0, 0x0000000702e00000| 99%| O|  |TAMS 0x0000000702dffea0, 0x0000000702c00000| Untracked 
|  11|0x0000000702e00000, 0x0000000702fffff8, 0x0000000703000000| 99%| O|  |TAMS 0x0000000702fffff8, 0x0000000702e00000| Untracked 
|  12|0x0000000703000000, 0x00000007031fff20, 0x0000000703200000| 99%| O|  |TAMS 0x00000007031fff20, 0x0000000703000000| Untracked 
|  13|0x0000000703200000, 0x00000007033ffff8, 0x0000000703400000| 99%| O|  |TAMS 0x00000007033ffff8, 0x0000000703200000| Untracked 
|  14|0x0000000703400000, 0x00000007035fffe8, 0x0000000703600000| 99%| O|  |TAMS 0x00000007035fffe8, 0x0000000703400000| Untracked 
|  15|0x0000000703600000, 0x0000000703800000, 0x0000000703800000|100%|HS|  |TAMS 0x0000000703800000, 0x0000000703600000| Untracked 
|  16|0x0000000703800000, 0x0000000703a00000, 0x0000000703a00000|100%|HC|  |TAMS 0x0000000703a00000, 0x0000000703800000| Untracked 
|  17|0x0000000703a00000, 0x0000000703c00000, 0x0000000703c00000|100%|HC|  |TAMS 0x0000000703c00000, 0x0000000703a00000| Untracked 
|  18|0x0000000703c00000, 0x0000000703e00000, 0x0000000703e00000|100%|HC|  |TAMS 0x0000000703e00000, 0x0000000703c00000| Untracked 
|  19|0x0000000703e00000, 0x0000000704000000, 0x0000000704000000|100%|HC|  |TAMS 0x0000000704000000, 0x0000000703e00000| Untracked 
|  20|0x0000000704000000, 0x0000000704200000, 0x0000000704200000|100%|HC|  |TAMS 0x0000000704200000, 0x0000000704000000| Untracked 
|  21|0x0000000704200000, 0x00000007043fffd8, 0x0000000704400000| 99%| O|  |TAMS 0x00000007043fffd8, 0x0000000704200000| Untracked 
|  22|0x0000000704400000, 0x0000000704600000, 0x0000000704600000|100%|HS|  |TAMS 0x0000000704600000, 0x0000000704400000| Untracked 
|  23|0x0000000704600000, 0x0000000704800000, 0x0000000704800000|100%|HC|  |TAMS 0x0000000704800000, 0x0000000704600000| Untracked 
|  24|0x0000000704800000, 0x0000000704a00000, 0x0000000704a00000|100%|HC|  |TAMS 0x0000000704a00000, 0x0000000704800000| Untracked 
|  25|0x0000000704a00000, 0x0000000704c00000, 0x0000000704c00000|100%|HC|  |TAMS 0x0000000704c00000, 0x0000000704a00000| Untracked 
|  26|0x0000000704c00000, 0x0000000704dffff0, 0x0000000704e00000| 99%| O|  |TAMS 0x0000000704dffff0, 0x0000000704c00000| Untracked 
|  27|0x0000000704e00000, 0x0000000705000000, 0x0000000705000000|100%| O|  |TAMS 0x0000000705000000, 0x0000000704e00000| Untracked 
|  28|0x0000000705000000, 0x00000007051ffff0, 0x0000000705200000| 99%| O|  |TAMS 0x00000007051ffff0, 0x0000000705000000| Untracked 
|  29|0x0000000705200000, 0x00000007053ffed0, 0x0000000705400000| 99%| O|  |TAMS 0x00000007053ffed0, 0x0000000705200000| Untracked 
|  30|0x0000000705400000, 0x00000007055ffff8, 0x0000000705600000| 99%| O|  |TAMS 0x00000007055ffff8, 0x0000000705400000| Untracked 
|  31|0x0000000705600000, 0x00000007057ffff0, 0x0000000705800000| 99%| O|  |TAMS 0x00000007057ffff0, 0x0000000705600000| Untracked 
|  32|0x0000000705800000, 0x0000000705a00000, 0x0000000705a00000|100%| O|  |TAMS 0x0000000705a00000, 0x0000000705800000| Untracked 
|  33|0x0000000705a00000, 0x0000000705bfff88, 0x0000000705c00000| 99%| O|  |TAMS 0x0000000705bfff88, 0x0000000705a00000| Untracked 
|  34|0x0000000705c00000, 0x0000000705d5de28, 0x0000000705e00000| 68%| O|  |TAMS 0x0000000705c00000, 0x0000000705c00000| Untracked 
|  35|0x0000000705e00000, 0x0000000705eabf18, 0x0000000706000000| 33%| O|  |TAMS 0x0000000705e00000, 0x0000000705e00000| Untracked 
|  36|0x0000000706000000, 0x000000070616c6e0, 0x0000000706200000| 71%| O|  |TAMS 0x0000000706000000, 0x0000000706000000| Untracked 
|  37|0x0000000706200000, 0x000000070625dfe8, 0x0000000706400000| 18%| O|  |TAMS 0x0000000706200000, 0x0000000706200000| Untracked 
|  38|0x0000000706400000, 0x0000000706412e80, 0x0000000706600000|  3%| O|  |TAMS 0x0000000706400000, 0x0000000706400000| Untracked 
|  39|0x0000000706600000, 0x0000000706601d60, 0x0000000706800000|  0%| O|  |TAMS 0x0000000706600000, 0x0000000706600000| Untracked 
|  40|0x0000000706800000, 0x0000000706800000, 0x0000000706a00000|  0%| F|  |TAMS 0x0000000706800000, 0x0000000706800000| Untracked 
|  41|0x0000000706a00000, 0x0000000706a00000, 0x0000000706c00000|  0%| F|  |TAMS 0x0000000706a00000, 0x0000000706a00000| Untracked 
|  42|0x0000000706c00000, 0x0000000706c00000, 0x0000000706e00000|  0%| F|  |TAMS 0x0000000706c00000, 0x0000000706c00000| Untracked 
|  43|0x0000000706e00000, 0x0000000706e00000, 0x0000000707000000|  0%| F|  |TAMS 0x0000000706e00000, 0x0000000706e00000| Untracked 
|  44|0x0000000707000000, 0x0000000707000000, 0x0000000707200000|  0%| F|  |TAMS 0x0000000707000000, 0x0000000707000000| Untracked 
|  45|0x0000000707200000, 0x0000000707200000, 0x0000000707400000|  0%| F|  |TAMS 0x0000000707200000, 0x0000000707200000| Untracked 
|  46|0x0000000707400000, 0x0000000707400000, 0x0000000707600000|  0%| F|  |TAMS 0x0000000707400000, 0x0000000707400000| Untracked 
|  47|0x0000000707600000, 0x0000000707600000, 0x0000000707800000|  0%| F|  |TAMS 0x0000000707600000, 0x0000000707600000| Untracked 
|  48|0x0000000707800000, 0x0000000707800000, 0x0000000707a00000|  0%| F|  |TAMS 0x0000000707800000, 0x0000000707800000| Untracked 
|  49|0x0000000707a00000, 0x0000000707a00000, 0x0000000707c00000|  0%| F|  |TAMS 0x0000000707a00000, 0x0000000707a00000| Untracked 
|  50|0x0000000707c00000, 0x0000000707c00000, 0x0000000707e00000|  0%| F|  |TAMS 0x0000000707c00000, 0x0000000707c00000| Untracked 
|  51|0x0000000707e00000, 0x0000000707e00000, 0x0000000708000000|  0%| F|  |TAMS 0x0000000707e00000, 0x0000000707e00000| Untracked 
|  52|0x0000000708000000, 0x0000000708000000, 0x0000000708200000|  0%| F|  |TAMS 0x0000000708000000, 0x0000000708000000| Untracked 
|  53|0x0000000708200000, 0x0000000708200000, 0x0000000708400000|  0%| F|  |TAMS 0x0000000708200000, 0x0000000708200000| Untracked 
|  54|0x0000000708400000, 0x0000000708400000, 0x0000000708600000|  0%| F|  |TAMS 0x0000000708400000, 0x0000000708400000| Untracked 
|  55|0x0000000708600000, 0x0000000708600000, 0x0000000708800000|  0%| F|  |TAMS 0x0000000708600000, 0x0000000708600000| Untracked 
|  56|0x0000000708800000, 0x0000000708800000, 0x0000000708a00000|  0%| F|  |TAMS 0x0000000708800000, 0x0000000708800000| Untracked 
|  57|0x0000000708a00000, 0x0000000708c00000, 0x0000000708c00000|100%| O|  |TAMS 0x0000000708c00000, 0x0000000708a00000| Untracked 
|  58|0x0000000708c00000, 0x0000000708c00000, 0x0000000708e00000|  0%| F|  |TAMS 0x0000000708c00000, 0x0000000708c00000| Untracked 
|  59|0x0000000708e00000, 0x0000000708e00000, 0x0000000709000000|  0%| F|  |TAMS 0x0000000708e00000, 0x0000000708e00000| Untracked 
|  60|0x0000000709000000, 0x0000000709000000, 0x0000000709200000|  0%| F|  |TAMS 0x0000000709000000, 0x0000000709000000| Untracked 
|  61|0x0000000709200000, 0x0000000709200000, 0x0000000709400000|  0%| F|  |TAMS 0x0000000709200000, 0x0000000709200000| Untracked 
|  62|0x0000000709400000, 0x0000000709400000, 0x0000000709600000|  0%| F|  |TAMS 0x0000000709400000, 0x0000000709400000| Untracked 
|  63|0x0000000709600000, 0x0000000709600000, 0x0000000709800000|  0%| F|  |TAMS 0x0000000709600000, 0x0000000709600000| Untracked 
|  64|0x0000000709800000, 0x0000000709800000, 0x0000000709a00000|  0%| F|  |TAMS 0x0000000709800000, 0x0000000709800000| Untracked 
|  65|0x0000000709a00000, 0x0000000709a00000, 0x0000000709c00000|  0%| F|  |TAMS 0x0000000709a00000, 0x0000000709a00000| Untracked 
|  66|0x0000000709c00000, 0x0000000709c00000, 0x0000000709e00000|  0%| F|  |TAMS 0x0000000709c00000, 0x0000000709c00000| Untracked 
|  67|0x0000000709e00000, 0x0000000709e00000, 0x000000070a000000|  0%| F|  |TAMS 0x0000000709e00000, 0x0000000709e00000| Untracked 
|  68|0x000000070a000000, 0x000000070a000000, 0x000000070a200000|  0%| F|  |TAMS 0x000000070a000000, 0x000000070a000000| Untracked 
|  69|0x000000070a200000, 0x000000070a200000, 0x000000070a400000|  0%| F|  |TAMS 0x000000070a200000, 0x000000070a200000| Untracked 
|  70|0x000000070a400000, 0x000000070a400000, 0x000000070a600000|  0%| F|  |TAMS 0x000000070a400000, 0x000000070a400000| Untracked 
|  71|0x000000070a600000, 0x000000070a600000, 0x000000070a800000|  0%| F|  |TAMS 0x000000070a600000, 0x000000070a600000| Untracked 
|  72|0x000000070a800000, 0x000000070a800000, 0x000000070aa00000|  0%| F|  |TAMS 0x000000070a800000, 0x000000070a800000| Untracked 
|  73|0x000000070aa00000, 0x000000070aa00000, 0x000000070ac00000|  0%| F|  |TAMS 0x000000070aa00000, 0x000000070aa00000| Untracked 
|  74|0x000000070ac00000, 0x000000070ac00000, 0x000000070ae00000|  0%| F|  |TAMS 0x000000070ac00000, 0x000000070ac00000| Untracked 
|  75|0x000000070ae00000, 0x000000070ae00000, 0x000000070b000000|  0%| F|  |TAMS 0x000000070ae00000, 0x000000070ae00000| Untracked 
|  76|0x000000070b000000, 0x000000070b000000, 0x000000070b200000|  0%| F|  |TAMS 0x000000070b000000, 0x000000070b000000| Untracked 
|  77|0x000000070b200000, 0x000000070b200000, 0x000000070b400000|  0%| F|  |TAMS 0x000000070b200000, 0x000000070b200000| Untracked 
|  78|0x000000070b400000, 0x000000070b400000, 0x000000070b600000|  0%| F|  |TAMS 0x000000070b400000, 0x000000070b400000| Untracked 
|  79|0x000000070b600000, 0x000000070b600838, 0x000000070b800000|  0%| O|  |TAMS 0x000000070b600000, 0x000000070b600000| Untracked 
|  80|0x000000070b800000, 0x000000070b800000, 0x000000070ba00000|  0%| F|  |TAMS 0x000000070b800000, 0x000000070b800000| Untracked 
|  81|0x000000070ba00000, 0x000000070ba00000, 0x000000070bc00000|  0%| F|  |TAMS 0x000000070ba00000, 0x000000070ba00000| Untracked 
|  82|0x000000070bc00000, 0x000000070bc00000, 0x000000070be00000|  0%| F|  |TAMS 0x000000070bc00000, 0x000000070bc00000| Untracked 
|  83|0x000000070be00000, 0x000000070be00000, 0x000000070c000000|  0%| F|  |TAMS 0x000000070be00000, 0x000000070be00000| Untracked 
|  84|0x000000070c000000, 0x000000070c000000, 0x000000070c200000|  0%| F|  |TAMS 0x000000070c000000, 0x000000070c000000| Untracked 
|  85|0x000000070c200000, 0x000000070c200000, 0x000000070c400000|  0%| F|  |TAMS 0x000000070c200000, 0x000000070c200000| Untracked 
|  86|0x000000070c400000, 0x000000070c400000, 0x000000070c600000|  0%| F|  |TAMS 0x000000070c400000, 0x000000070c400000| Untracked 
|  87|0x000000070c600000, 0x000000070c600000, 0x000000070c800000|  0%| F|  |TAMS 0x000000070c600000, 0x000000070c600000| Untracked 
|  88|0x000000070c800000, 0x000000070c800000, 0x000000070ca00000|  0%| F|  |TAMS 0x000000070c800000, 0x000000070c800000| Untracked 
|  89|0x000000070ca00000, 0x000000070ca00000, 0x000000070cc00000|  0%| F|  |TAMS 0x000000070ca00000, 0x000000070ca00000| Untracked 
|  90|0x000000070cc00000, 0x000000070cc00000, 0x000000070ce00000|  0%| F|  |TAMS 0x000000070cc00000, 0x000000070cc00000| Untracked 
|  91|0x000000070ce00000, 0x000000070ce00000, 0x000000070d000000|  0%| F|  |TAMS 0x000000070ce00000, 0x000000070ce00000| Untracked 
|  92|0x000000070d000000, 0x000000070d000000, 0x000000070d200000|  0%| F|  |TAMS 0x000000070d000000, 0x000000070d000000| Untracked 
|  93|0x000000070d200000, 0x000000070d200000, 0x000000070d400000|  0%| F|  |TAMS 0x000000070d200000, 0x000000070d200000| Untracked 
|  94|0x000000070d400000, 0x000000070d400000, 0x000000070d600000|  0%| F|  |TAMS 0x000000070d400000, 0x000000070d400000| Untracked 
|  95|0x000000070d600000, 0x000000070d600000, 0x000000070d800000|  0%| F|  |TAMS 0x000000070d600000, 0x000000070d600000| Untracked 
|  96|0x000000070d800000, 0x000000070d800000, 0x000000070da00000|  0%| F|  |TAMS 0x000000070d800000, 0x000000070d800000| Untracked 
|  97|0x000000070da00000, 0x000000070da00000, 0x000000070dc00000|  0%| F|  |TAMS 0x000000070da00000, 0x000000070da00000| Untracked 
|  98|0x000000070dc00000, 0x000000070dc00000, 0x000000070de00000|  0%| F|  |TAMS 0x000000070dc00000, 0x000000070dc00000| Untracked 
|  99|0x000000070de00000, 0x000000070de00000, 0x000000070e000000|  0%| F|  |TAMS 0x000000070de00000, 0x000000070de00000| Untracked 
| 100|0x000000070e000000, 0x000000070e000000, 0x000000070e200000|  0%| F|  |TAMS 0x000000070e000000, 0x000000070e000000| Untracked 
| 101|0x000000070e200000, 0x000000070e200000, 0x000000070e400000|  0%| F|  |TAMS 0x000000070e200000, 0x000000070e200000| Untracked 
| 102|0x000000070e400000, 0x000000070e400000, 0x000000070e600000|  0%| F|  |TAMS 0x000000070e400000, 0x000000070e400000| Untracked 
| 103|0x000000070e600000, 0x000000070e600000, 0x000000070e800000|  0%| F|  |TAMS 0x000000070e600000, 0x000000070e600000| Untracked 
| 104|0x000000070e800000, 0x000000070e800000, 0x000000070ea00000|  0%| F|  |TAMS 0x000000070e800000, 0x000000070e800000| Untracked 
| 105|0x000000070ea00000, 0x000000070ea00000, 0x000000070ec00000|  0%| F|  |TAMS 0x000000070ea00000, 0x000000070ea00000| Untracked 
| 106|0x000000070ec00000, 0x000000070ec00000, 0x000000070ee00000|  0%| F|  |TAMS 0x000000070ec00000, 0x000000070ec00000| Untracked 
| 107|0x000000070ee00000, 0x000000070ee00000, 0x000000070f000000|  0%| F|  |TAMS 0x000000070ee00000, 0x000000070ee00000| Untracked 
| 108|0x000000070f000000, 0x000000070f000000, 0x000000070f200000|  0%| F|  |TAMS 0x000000070f000000, 0x000000070f000000| Untracked 
| 109|0x000000070f200000, 0x000000070f200000, 0x000000070f400000|  0%| F|  |TAMS 0x000000070f200000, 0x000000070f200000| Untracked 
| 110|0x000000070f400000, 0x000000070f400000, 0x000000070f600000|  0%| F|  |TAMS 0x000000070f400000, 0x000000070f400000| Untracked 
| 111|0x000000070f600000, 0x000000070f600000, 0x000000070f800000|  0%| F|  |TAMS 0x000000070f600000, 0x000000070f600000| Untracked 
| 112|0x000000070f800000, 0x000000070f800000, 0x000000070fa00000|  0%| F|  |TAMS 0x000000070f800000, 0x000000070f800000| Untracked 
| 113|0x000000070fa00000, 0x000000070fa00000, 0x000000070fc00000|  0%| F|  |TAMS 0x000000070fa00000, 0x000000070fa00000| Untracked 
| 114|0x000000070fc00000, 0x000000070fc00000, 0x000000070fe00000|  0%| F|  |TAMS 0x000000070fc00000, 0x000000070fc00000| Untracked 
| 115|0x000000070fe00000, 0x000000070fe00000, 0x0000000710000000|  0%| F|  |TAMS 0x000000070fe00000, 0x000000070fe00000| Untracked 
| 116|0x0000000710000000, 0x0000000710000000, 0x0000000710200000|  0%| F|  |TAMS 0x0000000710000000, 0x0000000710000000| Untracked 
| 117|0x0000000710200000, 0x0000000710200000, 0x0000000710400000|  0%| F|  |TAMS 0x0000000710200000, 0x0000000710200000| Untracked 
| 118|0x0000000710400000, 0x0000000710400000, 0x0000000710600000|  0%| F|  |TAMS 0x0000000710400000, 0x0000000710400000| Untracked 
| 119|0x0000000710600000, 0x0000000710600000, 0x0000000710800000|  0%| F|  |TAMS 0x0000000710600000, 0x0000000710600000| Untracked 
| 120|0x0000000710800000, 0x0000000710800000, 0x0000000710a00000|  0%| F|  |TAMS 0x0000000710800000, 0x0000000710800000| Untracked 
| 121|0x0000000710a00000, 0x0000000710a00000, 0x0000000710c00000|  0%| F|  |TAMS 0x0000000710a00000, 0x0000000710a00000| Untracked 
| 122|0x0000000710c00000, 0x0000000710c00000, 0x0000000710e00000|  0%| F|  |TAMS 0x0000000710c00000, 0x0000000710c00000| Untracked 
| 123|0x0000000710e00000, 0x0000000710e00000, 0x0000000711000000|  0%| F|  |TAMS 0x0000000710e00000, 0x0000000710e00000| Untracked 
| 124|0x0000000711000000, 0x0000000711000000, 0x0000000711200000|  0%| F|  |TAMS 0x0000000711000000, 0x0000000711000000| Untracked 
| 125|0x0000000711200000, 0x0000000711200000, 0x0000000711400000|  0%| F|  |TAMS 0x0000000711200000, 0x0000000711200000| Untracked 
| 126|0x0000000711400000, 0x0000000711400000, 0x0000000711600000|  0%| F|  |TAMS 0x0000000711400000, 0x0000000711400000| Untracked 
| 127|0x0000000711600000, 0x0000000711600000, 0x0000000711800000|  0%| F|  |TAMS 0x0000000711600000, 0x0000000711600000| Untracked 
| 128|0x0000000711800000, 0x0000000711800000, 0x0000000711a00000|  0%| F|  |TAMS 0x0000000711800000, 0x0000000711800000| Untracked 
| 129|0x0000000711a00000, 0x0000000711a00000, 0x0000000711c00000|  0%| F|  |TAMS 0x0000000711a00000, 0x0000000711a00000| Untracked 
| 130|0x0000000711c00000, 0x0000000711c00000, 0x0000000711e00000|  0%| F|  |TAMS 0x0000000711c00000, 0x0000000711c00000| Untracked 
| 131|0x0000000711e00000, 0x0000000711e00000, 0x0000000712000000|  0%| F|  |TAMS 0x0000000711e00000, 0x0000000711e00000| Untracked 
| 132|0x0000000712000000, 0x0000000712000000, 0x0000000712200000|  0%| F|  |TAMS 0x0000000712000000, 0x0000000712000000| Untracked 
| 133|0x0000000712200000, 0x0000000712200000, 0x0000000712400000|  0%| F|  |TAMS 0x0000000712200000, 0x0000000712200000| Untracked 
| 134|0x0000000712400000, 0x0000000712400000, 0x0000000712600000|  0%| F|  |TAMS 0x0000000712400000, 0x0000000712400000| Untracked 
| 135|0x0000000712600000, 0x0000000712600000, 0x0000000712800000|  0%| F|  |TAMS 0x0000000712600000, 0x0000000712600000| Untracked 
| 136|0x0000000712800000, 0x0000000712800000, 0x0000000712a00000|  0%| F|  |TAMS 0x0000000712800000, 0x0000000712800000| Untracked 
| 137|0x0000000712a00000, 0x0000000712a00000, 0x0000000712c00000|  0%| F|  |TAMS 0x0000000712a00000, 0x0000000712a00000| Untracked 
| 138|0x0000000712c00000, 0x0000000712c00000, 0x0000000712e00000|  0%| F|  |TAMS 0x0000000712c00000, 0x0000000712c00000| Untracked 
| 139|0x0000000712e00000, 0x0000000712e00000, 0x0000000713000000|  0%| F|  |TAMS 0x0000000712e00000, 0x0000000712e00000| Untracked 
| 140|0x0000000713000000, 0x0000000713000000, 0x0000000713200000|  0%| F|  |TAMS 0x0000000713000000, 0x0000000713000000| Untracked 
| 141|0x0000000713200000, 0x0000000713200000, 0x0000000713400000|  0%| F|  |TAMS 0x0000000713200000, 0x0000000713200000| Untracked 
| 142|0x0000000713400000, 0x0000000713400000, 0x0000000713600000|  0%| F|  |TAMS 0x0000000713400000, 0x0000000713400000| Untracked 
| 143|0x0000000713600000, 0x0000000713600000, 0x0000000713800000|  0%| F|  |TAMS 0x0000000713600000, 0x0000000713600000| Untracked 
| 144|0x0000000713800000, 0x0000000713800000, 0x0000000713a00000|  0%| F|  |TAMS 0x0000000713800000, 0x0000000713800000| Untracked 
| 145|0x0000000713a00000, 0x0000000713a00000, 0x0000000713c00000|  0%| F|  |TAMS 0x0000000713a00000, 0x0000000713a00000| Untracked 
| 146|0x0000000713c00000, 0x0000000713c00000, 0x0000000713e00000|  0%| F|  |TAMS 0x0000000713c00000, 0x0000000713c00000| Untracked 
| 147|0x0000000713e00000, 0x0000000713e00000, 0x0000000714000000|  0%| F|  |TAMS 0x0000000713e00000, 0x0000000713e00000| Untracked 
| 148|0x0000000714000000, 0x0000000714000000, 0x0000000714200000|  0%| F|  |TAMS 0x0000000714000000, 0x0000000714000000| Untracked 
| 149|0x0000000714200000, 0x0000000714200000, 0x0000000714400000|  0%| F|  |TAMS 0x0000000714200000, 0x0000000714200000| Untracked 
| 150|0x0000000714400000, 0x0000000714400000, 0x0000000714600000|  0%| F|  |TAMS 0x0000000714400000, 0x0000000714400000| Untracked 
| 151|0x0000000714600000, 0x0000000714600000, 0x0000000714800000|  0%| F|  |TAMS 0x0000000714600000, 0x0000000714600000| Untracked 
| 152|0x0000000714800000, 0x0000000714800000, 0x0000000714a00000|  0%| F|  |TAMS 0x0000000714800000, 0x0000000714800000| Untracked 
| 153|0x0000000714a00000, 0x0000000714a00000, 0x0000000714c00000|  0%| F|  |TAMS 0x0000000714a00000, 0x0000000714a00000| Untracked 
| 154|0x0000000714c00000, 0x0000000714c00000, 0x0000000714e00000|  0%| F|  |TAMS 0x0000000714c00000, 0x0000000714c00000| Untracked 
| 155|0x0000000714e00000, 0x0000000714e00000, 0x0000000715000000|  0%| F|  |TAMS 0x0000000714e00000, 0x0000000714e00000| Untracked 
| 156|0x0000000715000000, 0x0000000715000000, 0x0000000715200000|  0%| F|  |TAMS 0x0000000715000000, 0x0000000715000000| Untracked 
| 157|0x0000000715200000, 0x0000000715200000, 0x0000000715400000|  0%| F|  |TAMS 0x0000000715200000, 0x0000000715200000| Untracked 
| 158|0x0000000715400000, 0x0000000715400000, 0x0000000715600000|  0%| F|  |TAMS 0x0000000715400000, 0x0000000715400000| Untracked 
| 159|0x0000000715600000, 0x0000000715600000, 0x0000000715800000|  0%| F|  |TAMS 0x0000000715600000, 0x0000000715600000| Untracked 
| 160|0x0000000715800000, 0x0000000715800000, 0x0000000715a00000|  0%| F|  |TAMS 0x0000000715800000, 0x0000000715800000| Untracked 
| 161|0x0000000715a00000, 0x0000000715a00000, 0x0000000715c00000|  0%| F|  |TAMS 0x0000000715a00000, 0x0000000715a00000| Untracked 
| 162|0x0000000715c00000, 0x0000000715c00000, 0x0000000715e00000|  0%| F|  |TAMS 0x0000000715c00000, 0x0000000715c00000| Untracked 
| 163|0x0000000715e00000, 0x0000000715e00000, 0x0000000716000000|  0%| F|  |TAMS 0x0000000715e00000, 0x0000000715e00000| Untracked 
| 164|0x0000000716000000, 0x0000000716000000, 0x0000000716200000|  0%| F|  |TAMS 0x0000000716000000, 0x0000000716000000| Untracked 
| 165|0x0000000716200000, 0x0000000716200000, 0x0000000716400000|  0%| F|  |TAMS 0x0000000716200000, 0x0000000716200000| Untracked 
| 166|0x0000000716400000, 0x0000000716400000, 0x0000000716600000|  0%| F|  |TAMS 0x0000000716400000, 0x0000000716400000| Untracked 
| 167|0x0000000716600000, 0x0000000716600000, 0x0000000716800000|  0%| F|  |TAMS 0x0000000716600000, 0x0000000716600000| Untracked 
| 168|0x0000000716800000, 0x0000000716800000, 0x0000000716a00000|  0%| F|  |TAMS 0x0000000716800000, 0x0000000716800000| Untracked 
| 169|0x0000000716a00000, 0x0000000716a00000, 0x0000000716c00000|  0%| F|  |TAMS 0x0000000716a00000, 0x0000000716a00000| Untracked 
| 170|0x0000000716c00000, 0x0000000716c00000, 0x0000000716e00000|  0%| F|  |TAMS 0x0000000716c00000, 0x0000000716c00000| Untracked 
| 171|0x0000000716e00000, 0x0000000716e00000, 0x0000000717000000|  0%| F|  |TAMS 0x0000000716e00000, 0x0000000716e00000| Untracked 
| 172|0x0000000717000000, 0x0000000717000000, 0x0000000717200000|  0%| F|  |TAMS 0x0000000717000000, 0x0000000717000000| Untracked 
| 173|0x0000000717200000, 0x0000000717200000, 0x0000000717400000|  0%| F|  |TAMS 0x0000000717200000, 0x0000000717200000| Untracked 
| 174|0x0000000717400000, 0x0000000717400000, 0x0000000717600000|  0%| F|  |TAMS 0x0000000717400000, 0x0000000717400000| Untracked 
| 175|0x0000000717600000, 0x0000000717600000, 0x0000000717800000|  0%| F|  |TAMS 0x0000000717600000, 0x0000000717600000| Untracked 
| 176|0x0000000717800000, 0x0000000717800000, 0x0000000717a00000|  0%| F|  |TAMS 0x0000000717800000, 0x0000000717800000| Untracked 
| 177|0x0000000717a00000, 0x0000000717a00000, 0x0000000717c00000|  0%| F|  |TAMS 0x0000000717a00000, 0x0000000717a00000| Untracked 
| 178|0x0000000717c00000, 0x0000000717c00000, 0x0000000717e00000|  0%| F|  |TAMS 0x0000000717c00000, 0x0000000717c00000| Untracked 
| 179|0x0000000717e00000, 0x0000000717e00000, 0x0000000718000000|  0%| F|  |TAMS 0x0000000717e00000, 0x0000000717e00000| Untracked 
| 180|0x0000000718000000, 0x0000000718000000, 0x0000000718200000|  0%| F|  |TAMS 0x0000000718000000, 0x0000000718000000| Untracked 
| 181|0x0000000718200000, 0x0000000718200000, 0x0000000718400000|  0%| F|  |TAMS 0x0000000718200000, 0x0000000718200000| Untracked 
| 182|0x0000000718400000, 0x0000000718400000, 0x0000000718600000|  0%| F|  |TAMS 0x0000000718400000, 0x0000000718400000| Untracked 
| 183|0x0000000718600000, 0x0000000718600000, 0x0000000718800000|  0%| F|  |TAMS 0x0000000718600000, 0x0000000718600000| Untracked 
| 184|0x0000000718800000, 0x0000000718800000, 0x0000000718a00000|  0%| F|  |TAMS 0x0000000718800000, 0x0000000718800000| Untracked 
| 185|0x0000000718a00000, 0x0000000718a00000, 0x0000000718c00000|  0%| F|  |TAMS 0x0000000718a00000, 0x0000000718a00000| Untracked 
| 186|0x0000000718c00000, 0x0000000718c00000, 0x0000000718e00000|  0%| F|  |TAMS 0x0000000718c00000, 0x0000000718c00000| Untracked 
| 187|0x0000000718e00000, 0x0000000718e00000, 0x0000000719000000|  0%| F|  |TAMS 0x0000000718e00000, 0x0000000718e00000| Untracked 
| 188|0x0000000719000000, 0x0000000719000000, 0x0000000719200000|  0%| F|  |TAMS 0x0000000719000000, 0x0000000719000000| Untracked 
| 189|0x0000000719200000, 0x0000000719200000, 0x0000000719400000|  0%| F|  |TAMS 0x0000000719200000, 0x0000000719200000| Untracked 
| 190|0x0000000719400000, 0x0000000719400000, 0x0000000719600000|  0%| F|  |TAMS 0x0000000719400000, 0x0000000719400000| Untracked 
| 191|0x0000000719600000, 0x0000000719600000, 0x0000000719800000|  0%| F|  |TAMS 0x0000000719600000, 0x0000000719600000| Untracked 
| 192|0x0000000719800000, 0x0000000719800000, 0x0000000719a00000|  0%| F|  |TAMS 0x0000000719800000, 0x0000000719800000| Untracked 
| 193|0x0000000719a00000, 0x0000000719a00000, 0x0000000719c00000|  0%| F|  |TAMS 0x0000000719a00000, 0x0000000719a00000| Untracked 
| 194|0x0000000719c00000, 0x0000000719c00000, 0x0000000719e00000|  0%| F|  |TAMS 0x0000000719c00000, 0x0000000719c00000| Untracked 
| 195|0x0000000719e00000, 0x0000000719e00000, 0x000000071a000000|  0%| F|  |TAMS 0x0000000719e00000, 0x0000000719e00000| Untracked 
| 196|0x000000071a000000, 0x000000071a000000, 0x000000071a200000|  0%| F|  |TAMS 0x000000071a000000, 0x000000071a000000| Untracked 
| 197|0x000000071a200000, 0x000000071a200000, 0x000000071a400000|  0%| F|  |TAMS 0x000000071a200000, 0x000000071a200000| Untracked 
| 198|0x000000071a400000, 0x000000071a400000, 0x000000071a600000|  0%| F|  |TAMS 0x000000071a400000, 0x000000071a400000| Untracked 
| 199|0x000000071a600000, 0x000000071a600000, 0x000000071a800000|  0%| F|  |TAMS 0x000000071a600000, 0x000000071a600000| Untracked 
| 200|0x000000071a800000, 0x000000071a800000, 0x000000071aa00000|  0%| F|  |TAMS 0x000000071a800000, 0x000000071a800000| Untracked 
| 201|0x000000071aa00000, 0x000000071aa00000, 0x000000071ac00000|  0%| F|  |TAMS 0x000000071aa00000, 0x000000071aa00000| Untracked 
| 202|0x000000071ac00000, 0x000000071ac00000, 0x000000071ae00000|  0%| F|  |TAMS 0x000000071ac00000, 0x000000071ac00000| Untracked 
| 203|0x000000071ae00000, 0x000000071ae00000, 0x000000071b000000|  0%| F|  |TAMS 0x000000071ae00000, 0x000000071ae00000| Untracked 
| 204|0x000000071b000000, 0x000000071b000000, 0x000000071b200000|  0%| F|  |TAMS 0x000000071b000000, 0x000000071b000000| Untracked 
| 205|0x000000071b200000, 0x000000071b200000, 0x000000071b400000|  0%| F|  |TAMS 0x000000071b200000, 0x000000071b200000| Untracked 
| 206|0x000000071b400000, 0x000000071b400000, 0x000000071b600000|  0%| F|  |TAMS 0x000000071b400000, 0x000000071b400000| Untracked 
| 207|0x000000071b600000, 0x000000071b600000, 0x000000071b800000|  0%| F|  |TAMS 0x000000071b600000, 0x000000071b600000| Untracked 
| 208|0x000000071b800000, 0x000000071b800000, 0x000000071ba00000|  0%| F|  |TAMS 0x000000071b800000, 0x000000071b800000| Untracked 
| 209|0x000000071ba00000, 0x000000071ba00000, 0x000000071bc00000|  0%| F|  |TAMS 0x000000071ba00000, 0x000000071ba00000| Untracked 
| 210|0x000000071bc00000, 0x000000071bc00000, 0x000000071be00000|  0%| F|  |TAMS 0x000000071bc00000, 0x000000071bc00000| Untracked 
| 211|0x000000071be00000, 0x000000071be00000, 0x000000071c000000|  0%| F|  |TAMS 0x000000071be00000, 0x000000071be00000| Untracked 
| 212|0x000000071c000000, 0x000000071c000000, 0x000000071c200000|  0%| F|  |TAMS 0x000000071c000000, 0x000000071c000000| Untracked 
| 213|0x000000071c200000, 0x000000071c200000, 0x000000071c400000|  0%| F|  |TAMS 0x000000071c200000, 0x000000071c200000| Untracked 
| 214|0x000000071c400000, 0x000000071c400000, 0x000000071c600000|  0%| F|  |TAMS 0x000000071c400000, 0x000000071c400000| Untracked 
| 215|0x000000071c600000, 0x000000071c600000, 0x000000071c800000|  0%| F|  |TAMS 0x000000071c600000, 0x000000071c600000| Untracked 
| 216|0x000000071c800000, 0x000000071c800000, 0x000000071ca00000|  0%| F|  |TAMS 0x000000071c800000, 0x000000071c800000| Untracked 
| 217|0x000000071ca00000, 0x000000071ca00000, 0x000000071cc00000|  0%| F|  |TAMS 0x000000071ca00000, 0x000000071ca00000| Untracked 
| 218|0x000000071cc00000, 0x000000071cc00000, 0x000000071ce00000|  0%| F|  |TAMS 0x000000071cc00000, 0x000000071cc00000| Untracked 
| 219|0x000000071ce00000, 0x000000071ce00000, 0x000000071d000000|  0%| F|  |TAMS 0x000000071ce00000, 0x000000071ce00000| Untracked 
| 220|0x000000071d000000, 0x000000071d000000, 0x000000071d200000|  0%| F|  |TAMS 0x000000071d000000, 0x000000071d000000| Untracked 
| 221|0x000000071d200000, 0x000000071d200000, 0x000000071d400000|  0%| F|  |TAMS 0x000000071d200000, 0x000000071d200000| Untracked 
| 222|0x000000071d400000, 0x000000071d400000, 0x000000071d600000|  0%| F|  |TAMS 0x000000071d400000, 0x000000071d400000| Untracked 
| 223|0x000000071d600000, 0x000000071d600000, 0x000000071d800000|  0%| F|  |TAMS 0x000000071d600000, 0x000000071d600000| Untracked 
| 224|0x000000071d800000, 0x000000071d800000, 0x000000071da00000|  0%| F|  |TAMS 0x000000071d800000, 0x000000071d800000| Untracked 
| 225|0x000000071da00000, 0x000000071da00000, 0x000000071dc00000|  0%| F|  |TAMS 0x000000071da00000, 0x000000071da00000| Untracked 
| 226|0x000000071dc00000, 0x000000071dc00000, 0x000000071de00000|  0%| F|  |TAMS 0x000000071dc00000, 0x000000071dc00000| Untracked 
| 227|0x000000071de00000, 0x000000071de00000, 0x000000071e000000|  0%| F|  |TAMS 0x000000071de00000, 0x000000071de00000| Untracked 
| 228|0x000000071e000000, 0x000000071e000000, 0x000000071e200000|  0%| F|  |TAMS 0x000000071e000000, 0x000000071e000000| Untracked 
| 229|0x000000071e200000, 0x000000071e200000, 0x000000071e400000|  0%| F|  |TAMS 0x000000071e200000, 0x000000071e200000| Untracked 
| 230|0x000000071e400000, 0x000000071e400000, 0x000000071e600000|  0%| F|  |TAMS 0x000000071e400000, 0x000000071e400000| Untracked 
| 231|0x000000071e600000, 0x000000071e600000, 0x000000071e800000|  0%| F|  |TAMS 0x000000071e600000, 0x000000071e600000| Untracked 
| 232|0x000000071e800000, 0x000000071e800000, 0x000000071ea00000|  0%| F|  |TAMS 0x000000071e800000, 0x000000071e800000| Untracked 
| 233|0x000000071ea00000, 0x000000071ea00000, 0x000000071ec00000|  0%| F|  |TAMS 0x000000071ea00000, 0x000000071ea00000| Untracked 
| 234|0x000000071ec00000, 0x000000071ec00000, 0x000000071ee00000|  0%| F|  |TAMS 0x000000071ec00000, 0x000000071ec00000| Untracked 
| 235|0x000000071ee00000, 0x000000071ee00000, 0x000000071f000000|  0%| F|  |TAMS 0x000000071ee00000, 0x000000071ee00000| Untracked 
| 236|0x000000071f000000, 0x000000071f000000, 0x000000071f200000|  0%| F|  |TAMS 0x000000071f000000, 0x000000071f000000| Untracked 
| 237|0x000000071f200000, 0x000000071f200000, 0x000000071f400000|  0%| F|  |TAMS 0x000000071f200000, 0x000000071f200000| Untracked 
| 238|0x000000071f400000, 0x000000071f400000, 0x000000071f600000|  0%| F|  |TAMS 0x000000071f400000, 0x000000071f400000| Untracked 
| 239|0x000000071f600000, 0x000000071f600000, 0x000000071f800000|  0%| F|  |TAMS 0x000000071f600000, 0x000000071f600000| Untracked 
| 240|0x000000071f800000, 0x000000071f800000, 0x000000071fa00000|  0%| F|  |TAMS 0x000000071f800000, 0x000000071f800000| Untracked 
| 241|0x000000071fa00000, 0x000000071fa00000, 0x000000071fc00000|  0%| F|  |TAMS 0x000000071fa00000, 0x000000071fa00000| Untracked 
| 242|0x000000071fc00000, 0x000000071fc00000, 0x000000071fe00000|  0%| F|  |TAMS 0x000000071fc00000, 0x000000071fc00000| Untracked 
| 243|0x000000071fe00000, 0x000000071fe00000, 0x0000000720000000|  0%| F|  |TAMS 0x000000071fe00000, 0x000000071fe00000| Untracked 
| 244|0x0000000720000000, 0x0000000720000000, 0x0000000720200000|  0%| F|  |TAMS 0x0000000720000000, 0x0000000720000000| Untracked 
| 245|0x0000000720200000, 0x0000000720200000, 0x0000000720400000|  0%| F|  |TAMS 0x0000000720200000, 0x0000000720200000| Untracked 
| 246|0x0000000720400000, 0x0000000720400000, 0x0000000720600000|  0%| F|  |TAMS 0x0000000720400000, 0x0000000720400000| Untracked 
| 247|0x0000000720600000, 0x0000000720774e18, 0x0000000720800000| 72%| E|  |TAMS 0x0000000720600000, 0x0000000720600000| Complete 
| 248|0x0000000720800000, 0x0000000720a00000, 0x0000000720a00000|100%| E|CS|TAMS 0x0000000720800000, 0x0000000720800000| Complete 
| 249|0x0000000720a00000, 0x0000000720c00000, 0x0000000720c00000|100%| E|CS|TAMS 0x0000000720a00000, 0x0000000720a00000| Complete 
| 250|0x0000000720c00000, 0x0000000720e00000, 0x0000000720e00000|100%| E|CS|TAMS 0x0000000720c00000, 0x0000000720c00000| Complete 
| 251|0x0000000720e00000, 0x0000000721000000, 0x0000000721000000|100%| E|CS|TAMS 0x0000000720e00000, 0x0000000720e00000| Complete 
| 369|0x000000072fa00000, 0x000000072fc00000, 0x000000072fc00000|100%| E|CS|TAMS 0x000000072fa00000, 0x000000072fa00000| Complete 
| 370|0x000000072fc00000, 0x000000072fe00000, 0x000000072fe00000|100%| E|CS|TAMS 0x000000072fc00000, 0x000000072fc00000| Complete 
| 371|0x000000072fe00000, 0x0000000730000000, 0x0000000730000000|100%| E|CS|TAMS 0x000000072fe00000, 0x000000072fe00000| Complete 
| 399|0x0000000733600000, 0x0000000733800000, 0x0000000733800000|100%| E|CS|TAMS 0x0000000733600000, 0x0000000733600000| Complete 

Card table byte_map: [0x0000014c6ceb0000,0x0000014c6d6b0000] _byte_map_base: 0x0000014c696a4000

Marking Bits (Prev, Next): (CMBitMap*) 0x0000014c55367a60, (CMBitMap*) 0x0000014c55367aa0
 Prev Bits: [0x0000014c6deb0000, 0x0000014c71e50000)
 Next Bits: [0x0000014c71e50000, 0x0000014c75df0000)

Polling page: 0x0000014c4b030000

Metaspace:

Usage:
  Non-class:     64.43 MB used.
      Class:     10.70 MB used.
       Both:     75.13 MB used.

Virtual space:
  Non-class space:      128.00 MB reserved,      64.69 MB ( 51%) committed,  2 nodes.
      Class space:        1.00 GB reserved,      10.94 MB (  1%) committed,  1 nodes.
             Both:        1.12 GB reserved,      75.62 MB (  7%) committed. 

Chunk freelists:
   Non-Class:  15.25 MB
       Class:  4.94 MB
        Both:  20.19 MB

MaxMetaspaceSize: unlimited
CompressedClassSpaceSize: 1.00 GB
Initial GC threshold: 21.00 MB
Current GC threshold: 125.94 MB
CDS: on
MetaspaceReclaimPolicy: balanced
 - commit_granule_bytes: 65536.
 - commit_granule_words: 8192.
 - virtual_space_node_default_size: 8388608.
 - enlarge_chunks_in_place: 1.
 - new_chunks_are_fully_committed: 0.
 - uncommit_free_chunks: 1.
 - use_allocation_guard: 0.
 - handle_deallocations: 1.


Internal statistics:

num_allocs_failed_limit: 6.
num_arena_births: 872.
num_arena_deaths: 0.
num_vsnodes_births: 3.
num_vsnodes_deaths: 0.
num_space_committed: 1204.
num_space_uncommitted: 0.
num_chunks_returned_to_freelist: 6.
num_chunks_taken_from_freelist: 2782.
num_chunk_merges: 6.
num_chunk_splits: 2100.
num_chunks_enlarged: 1624.
num_inconsistent_stats: 0.

CodeHeap 'non-profiled nmethods': size=120000Kb used=11868Kb max_used=11868Kb free=108131Kb
 bounds [0x0000014c65180000, 0x0000014c65d20000, 0x0000014c6c6b0000]
CodeHeap 'profiled nmethods': size=120000Kb used=24850Kb max_used=24850Kb free=95150Kb
 bounds [0x0000014c5d6b0000, 0x0000014c5ef00000, 0x0000014c64be0000]
CodeHeap 'non-nmethods': size=5760Kb used=1636Kb max_used=1693Kb free=4123Kb
 bounds [0x0000014c64be0000, 0x0000014c64e50000, 0x0000014c65180000]
 total_blobs=12893 nmethods=11836 adapters=964
 compilation: enabled
              stopped_count=0, restarted_count=0
 full_count=0

Compilation events (20 events):
Event: 1052.327 Thread 0x0000014c55af2260 14869       3       ui.project.h$a::actionPerformed (119 bytes)
Event: 1052.354 Thread 0x0000014c55af2260 nmethod 14869 0x0000014c5eee3390 code [0x0000014c5eee35c0, 0x0000014c5eee3e78]
Event: 1054.780 Thread 0x0000014c55af2260 14870       3       ui.data.design.p::chC (41 bytes)
Event: 1055.011 Thread 0x0000014c55af2260 nmethod 14870 0x0000014c5eee4110 code [0x0000014c5eee4340, 0x0000014c5eee4bc8]
Event: 1056.669 Thread 0x0000014c55af45d0 14871       4       java.util.ArrayList::fastRemove (44 bytes)
Event: 1056.835 Thread 0x0000014c55af45d0 nmethod 14871 0x0000014c65d15010 code [0x0000014c65d15180, 0x0000014c65d15358]
Event: 1062.082 Thread 0x0000014c55af45d0 14872  s    4       ui.data.common.J::getCount (30 bytes)
Event: 1062.086 Thread 0x0000014c55af45d0 nmethod 14872 0x0000014c65d15490 code [0x0000014c65d15620, 0x0000014c65d158d8]
Event: 1065.086 Thread 0x0000014c55af2260 14873  s    3       ui.data.common.J::a (72 bytes)
Event: 1065.110 Thread 0x0000014c55af2260 nmethod 14873 0x0000014c5eee4e90 code [0x0000014c5eee50c0, 0x0000014c5eee5af8]
Event: 1069.867 Thread 0x0000014c55af45d0 14874       4       ui.data.experiment.A::aMt (26 bytes)
Event: 1069.921 Thread 0x0000014c55af45d0 nmethod 14874 0x0000014c65d15990 code [0x0000014c65d15c40, 0x0000014c65d16378]
Event: 1071.383 Thread 0x0000014c55af2260 14875       3       ui.utils.q.a.a::jgh (4 bytes)
Event: 1071.383 Thread 0x0000014c55af2260 nmethod 14875 0x0000014c5eee5d90 code [0x0000014c5eee5f20, 0x0000014c5eee6028]
Event: 1081.580 Thread 0x0000014c55af2260 14877 % !   3       ui.utils.lnf.a$a::run @ 96 (629 bytes)
Event: 1081.861 Thread 0x0000014c55af2260 nmethod 14877% 0x0000014c5eee6110 code [0x0000014c5eee6940, 0x0000014c5eeecf58]
Event: 1098.510 Thread 0x0000014c55af45d0 14878       4       javax.swing.text.html.parser.Parser::error (11 bytes)
Event: 1098.655 Thread 0x0000014c55af45d0 nmethod 14878 0x0000014c65d16e90 code [0x0000014c65d17020, 0x0000014c65d170c8]
Event: 1099.046 Thread 0x0000014c55af2260 14879   !   3       ui.utils.lnf.a$a::run (629 bytes)
Event: 1099.135 Thread 0x0000014c55af2260 nmethod 14879 0x0000014c5eeef590 code [0x0000014c5eeefdc0, 0x0000014c5eef5d18]

GC Heap History (20 events):
Event: 795.201 GC heap before
{Heap before GC invocations=35 (full 16):
 garbage-first heap   total 524288K, used 91974K [0x0000000701800000, 0x0000000800000000)
  region size 2048K, 9 young (18432K), 0 survivors (0K)
 Metaspace       used 76907K, committed 77440K, reserved 1179648K
  class space    used 10959K, committed 11200K, reserved 1048576K
}
Event: 795.349 GC heap after
{Heap after GC invocations=36 (full 17):
 garbage-first heap   total 524288K, used 75567K [0x0000000701800000, 0x0000000800000000)
  region size 2048K, 0 young (0K), 0 survivors (0K)
 Metaspace       used 76907K, committed 77440K, reserved 1179648K
  class space    used 10959K, committed 11200K, reserved 1048576K
}
Event: 825.123 GC heap before
{Heap before GC invocations=36 (full 17):
 garbage-first heap   total 524288K, used 93999K [0x0000000701800000, 0x0000000800000000)
  region size 2048K, 10 young (20480K), 0 survivors (0K)
 Metaspace       used 76916K, committed 77440K, reserved 1179648K
  class space    used 10959K, committed 11200K, reserved 1048576K
}
Event: 825.187 GC heap after
{Heap after GC invocations=37 (full 18):
 garbage-first heap   total 524288K, used 75575K [0x0000000701800000, 0x0000000800000000)
  region size 2048K, 0 young (0K), 0 survivors (0K)
 Metaspace       used 76916K, committed 77440K, reserved 1179648K
  class space    used 10959K, committed 11200K, reserved 1048576K
}
Event: 855.204 GC heap before
{Heap before GC invocations=37 (full 18):
 garbage-first heap   total 524288K, used 91959K [0x0000000701800000, 0x0000000800000000)
  region size 2048K, 9 young (18432K), 0 survivors (0K)
 Metaspace       used 76917K, committed 77440K, reserved 1179648K
  class space    used 10959K, committed 11200K, reserved 1048576K
}
Event: 855.263 GC heap after
{Heap after GC invocations=38 (full 19):
 garbage-first heap   total 524288K, used 75575K [0x0000000701800000, 0x0000000800000000)
  region size 2048K, 0 young (0K), 0 survivors (0K)
 Metaspace       used 76917K, committed 77440K, reserved 1179648K
  class space    used 10959K, committed 11200K, reserved 1048576K
}
Event: 885.481 GC heap before
{Heap before GC invocations=38 (full 19):
 garbage-first heap   total 524288K, used 91959K [0x0000000701800000, 0x0000000800000000)
  region size 2048K, 9 young (18432K), 0 survivors (0K)
 Metaspace       used 76917K, committed 77440K, reserved 1179648K
  class space    used 10959K, committed 11200K, reserved 1048576K
}
Event: 885.714 GC heap after
{Heap after GC invocations=39 (full 20):
 garbage-first heap   total 524288K, used 75579K [0x0000000701800000, 0x0000000800000000)
  region size 2048K, 0 young (0K), 0 survivors (0K)
 Metaspace       used 76917K, committed 77440K, reserved 1179648K
  class space    used 10959K, committed 11200K, reserved 1048576K
}
Event: 945.121 GC heap before
{Heap before GC invocations=39 (full 20):
 garbage-first heap   total 524288K, used 108347K [0x0000000701800000, 0x0000000800000000)
  region size 2048K, 17 young (34816K), 0 survivors (0K)
 Metaspace       used 76919K, committed 77440K, reserved 1179648K
  class space    used 10959K, committed 11200K, reserved 1048576K
}
Event: 945.459 GC heap after
{Heap after GC invocations=40 (full 21):
 garbage-first heap   total 524288K, used 75616K [0x0000000701800000, 0x0000000800000000)
  region size 2048K, 0 young (0K), 0 survivors (0K)
 Metaspace       used 76919K, committed 77440K, reserved 1179648K
  class space    used 10959K, committed 11200K, reserved 1048576K
}
Event: 975.221 GC heap before
{Heap before GC invocations=40 (full 21):
 garbage-first heap   total 524288K, used 92000K [0x0000000701800000, 0x0000000800000000)
  region size 2048K, 9 young (18432K), 0 survivors (0K)
 Metaspace       used 76924K, committed 77440K, reserved 1179648K
  class space    used 10959K, committed 11200K, reserved 1048576K
}
Event: 975.269 GC heap after
{Heap after GC invocations=41 (full 22):
 garbage-first heap   total 524288K, used 75594K [0x0000000701800000, 0x0000000800000000)
  region size 2048K, 0 young (0K), 0 survivors (0K)
 Metaspace       used 76924K, committed 77440K, reserved 1179648K
  class space    used 10959K, committed 11200K, reserved 1048576K
}
Event: 1005.486 GC heap before
{Heap before GC invocations=41 (full 22):
 garbage-first heap   total 524288K, used 91978K [0x0000000701800000, 0x0000000800000000)
  region size 2048K, 9 young (18432K), 0 survivors (0K)
 Metaspace       used 76924K, committed 77440K, reserved 1179648K
  class space    used 10959K, committed 11200K, reserved 1048576K
}
Event: 1005.813 GC heap after
{Heap after GC invocations=42 (full 23):
 garbage-first heap   total 524288K, used 75599K [0x0000000701800000, 0x0000000800000000)
  region size 2048K, 0 young (0K), 0 survivors (0K)
 Metaspace       used 76924K, committed 77440K, reserved 1179648K
  class space    used 10959K, committed 11200K, reserved 1048576K
}
Event: 1035.171 GC heap before
{Heap before GC invocations=42 (full 23):
 garbage-first heap   total 524288K, used 91983K [0x0000000701800000, 0x0000000800000000)
  region size 2048K, 9 young (18432K), 0 survivors (0K)
 Metaspace       used 76926K, committed 77440K, reserved 1179648K
  class space    used 10959K, committed 11200K, reserved 1048576K
}
Event: 1035.385 GC heap after
{Heap after GC invocations=43 (full 24):
 garbage-first heap   total 524288K, used 75604K [0x0000000701800000, 0x0000000800000000)
  region size 2048K, 0 young (0K), 0 survivors (0K)
 Metaspace       used 76926K, committed 77440K, reserved 1179648K
  class space    used 10959K, committed 11200K, reserved 1048576K
}
Event: 1065.212 GC heap before
{Heap before GC invocations=43 (full 24):
 garbage-first heap   total 524288K, used 91988K [0x0000000701800000, 0x0000000800000000)
  region size 2048K, 9 young (18432K), 0 survivors (0K)
 Metaspace       used 76929K, committed 77440K, reserved 1179648K
  class space    used 10959K, committed 11200K, reserved 1048576K
}
Event: 1065.294 GC heap after
{Heap after GC invocations=44 (full 25):
 garbage-first heap   total 524288K, used 75609K [0x0000000701800000, 0x0000000800000000)
  region size 2048K, 0 young (0K), 0 survivors (0K)
 Metaspace       used 76929K, committed 77440K, reserved 1179648K
  class space    used 10959K, committed 11200K, reserved 1048576K
}
Event: 1095.274 GC heap before
{Heap before GC invocations=44 (full 25):
 garbage-first heap   total 524288K, used 91993K [0x0000000701800000, 0x0000000800000000)
  region size 2048K, 9 young (18432K), 0 survivors (0K)
 Metaspace       used 76936K, committed 77440K, reserved 1179648K
  class space    used 10959K, committed 11200K, reserved 1048576K
}
Event: 1095.322 GC heap after
{Heap after GC invocations=45 (full 26):
 garbage-first heap   total 524288K, used 75614K [0x0000000701800000, 0x0000000800000000)
  region size 2048K, 0 young (0K), 0 survivors (0K)
 Metaspace       used 76936K, committed 77440K, reserved 1179648K
  class space    used 10959K, committed 11200K, reserved 1048576K
}

Dll operation events (20 events):
Event: 1.394 Loaded shared library C:\Xilinx\Vivado\2023.2\lib\win64.o\librdi_ipservicestasks.dll
Event: 1.396 Loaded shared library C:\Xilinx\Vivado\2023.2\lib\win64.o\librdi_vivadotasks.dll
Event: 1.397 Loaded shared library C:\Xilinx\Vivado\2023.2\lib\win64.o\librdi_board.dll
Event: 1.398 Loaded shared library C:\Xilinx\Vivado\2023.2\lib\win64.o\librdi_boarddep.dll
Event: 1.399 Loaded shared library C:\Xilinx\Vivado\2023.2\lib\win64.o\librdi_boardcommontasks.dll
Event: 1.400 Loaded shared library C:\Xilinx\Vivado\2023.2\lib\win64.o\librdi_ptgen.dll
Event: 1.400 Loaded shared library C:\Xilinx\Vivado\2023.2\lib\win64.o\librdi_ip.dll
Event: 1.402 Loaded shared library C:\Xilinx\Vivado\2023.2\lib\win64.o\librdi_mig.dll
Event: 1.403 Loaded shared library C:\Xilinx\Vivado\2023.2\lib\win64.o\librdi_implflow.dll
Event: 1.404 Loaded shared library C:\Xilinx\Vivado\2023.2\lib\win64.o\librdi_xhubtasks.dll
Event: 1.425 Loaded shared library C:\Xilinx\Vivado\2023.2\lib\win64.o\librdi_iptasks.dll
Event: 1.427 Loaded shared library C:\Xilinx\Vivado\2023.2\lib\win64.o\librdi_synth.dll
Event: 2.644 Loaded shared library C:\Xilinx\Vivado\2023.2\tps\win64\jre17.0.7_7\bin\verify.dll
Event: 2.954 Loaded shared library C:\Xilinx\Vivado\2023.2\tps\win64\jre17.0.7_7\bin\javajpeg.dll
Event: 2.963 Loaded shared library C:\Xilinx\Vivado\2023.2\tps\win64\jre17.0.7_7\bin\lcms.dll
Event: 3.366 Loaded shared library C:\Xilinx\Vivado\2023.2\tps\win64\jre17.0.7_7\bin\freetype.dll
Event: 3.368 Loaded shared library C:\Xilinx\Vivado\2023.2\tps\win64\jre17.0.7_7\bin\fontmanager.dll
Event: 8.293 Loaded shared library C:\Xilinx\Vivado\2023.2\lib\win64.o\librdi_xhub.dll
Event: 14.236 Loaded shared library C:\Xilinx\Vivado\2023.2\tps\win64\jre17.0.7_7\bin\management.dll
Event: 14.240 Loaded shared library C:\Xilinx\Vivado\2023.2\tps\win64\jre17.0.7_7\bin\management_ext.dll

Deoptimization events (20 events):
Event: 340.479 Thread 0x0000014c7eb605a0 Uncommon trap: trap_request=0xffffff5c fr.pc=0x0000014c65c97e70 relative=0x0000000000000f90
Event: 340.479 Thread 0x0000014c7eb605a0 Uncommon trap: reason=speculate_null_check action=make_not_entrant pc=0x0000014c65c97e70 method=java.util.concurrent.locks.AbstractQueuedSynchronizer.acquire(Ljava/util/concurrent/locks/AbstractQueuedSynchronizer$Node;IZZZJ)I @ 254 c2
Event: 340.479 Thread 0x0000014c7eb605a0 DEOPT PACKING pc=0x0000014c65c97e70 sp=0x0000003a866fd410
Event: 340.479 Thread 0x0000014c7eb605a0 DEOPT UNPACKING pc=0x0000014c64c369a3 sp=0x0000003a866fd3b0 mode 2
Event: 490.185 Thread 0x0000014c7e2beba0 Uncommon trap: trap_request=0xffffff45 fr.pc=0x0000014c65c6be64 relative=0x00000000000015c4
Event: 490.192 Thread 0x0000014c7e2beba0 Uncommon trap: reason=unstable_if action=reinterpret pc=0x0000014c65c6be64 method=java.util.concurrent.locks.ReentrantLock$Sync.lockInterruptibly()V @ 18 c2
Event: 490.192 Thread 0x0000014c7e2beba0 DEOPT PACKING pc=0x0000014c65c6be64 sp=0x0000003a85cfefc0
Event: 490.210 Thread 0x0000014c7e2beba0 DEOPT UNPACKING pc=0x0000014c64c369a3 sp=0x0000003a85cfeed8 mode 2
Event: 526.366 Thread 0x0000014c7eb605a0 DEOPT PACKING pc=0x0000014c5e734903 sp=0x0000003a866fccb0
Event: 526.367 Thread 0x0000014c7eb605a0 DEOPT UNPACKING pc=0x0000014c64c37143 sp=0x0000003a866fc148 mode 0
Event: 546.373 Thread 0x0000014c7d62f300 DEOPT PACKING pc=0x0000014c5df032b0 sp=0x0000003a852fe470
Event: 546.374 Thread 0x0000014c7d62f300 DEOPT UNPACKING pc=0x0000014c64c37143 sp=0x0000003a852fd8e0 mode 0
Event: 546.380 Thread 0x0000014c7eb605a0 Uncommon trap: trap_request=0xffffff45 fr.pc=0x0000014c659ec504 relative=0x0000000000000744
Event: 546.380 Thread 0x0000014c7eb605a0 Uncommon trap: reason=unstable_if action=reinterpret pc=0x0000014c659ec504 method=java.util.AbstractCollection.addAll(Ljava/util/Collection;)Z @ 32 c2
Event: 546.381 Thread 0x0000014c7eb605a0 DEOPT PACKING pc=0x0000014c659ec504 sp=0x0000003a866fd1b0
Event: 546.382 Thread 0x0000014c7eb605a0 DEOPT UNPACKING pc=0x0000014c64c369a3 sp=0x0000003a866fd110 mode 2
Event: 1048.419 Thread 0x0000014c7ec029f0 Uncommon trap: trap_request=0xffffff45 fr.pc=0x0000014c65ccadb0 relative=0x00000000000005f0
Event: 1048.469 Thread 0x0000014c7ec029f0 Uncommon trap: reason=unstable_if action=reinterpret pc=0x0000014c65ccadb0 method=ui.data.common.J.a(Lui/data/common/I;)V @ 52 c2
Event: 1048.498 Thread 0x0000014c7ec029f0 DEOPT PACKING pc=0x0000014c65ccadb0 sp=0x0000003a88eff300
Event: 1048.546 Thread 0x0000014c7ec029f0 DEOPT UNPACKING pc=0x0000014c64c369a3 sp=0x0000003a88eff2c0 mode 2

Classes unloaded (0 events):
No events

Classes redefined (0 events):
No events

Internal exceptions (20 events):
Event: 1079.420 Thread 0x0000014c7eb605a0 Exception <a 'java/io/FileNotFoundException'{0x0000000720e01bd0}> (0x0000000720e01bd0) 
thrown [s\src\hotspot\share\prims\jni.cpp, line 516]
Event: 1079.499 Thread 0x0000014c7eb605a0 Exception <a 'java/io/FileNotFoundException'{0x0000000720e070a8}> (0x0000000720e070a8) 
thrown [s\src\hotspot\share\prims\jni.cpp, line 516]
Event: 1084.421 Thread 0x0000014c7eb605a0 Exception <a 'java/io/FileNotFoundException'{0x0000000720ca5b38}> (0x0000000720ca5b38) 
thrown [s\src\hotspot\share\prims\jni.cpp, line 516]
Event: 1084.500 Thread 0x0000014c7eb605a0 Exception <a 'java/io/FileNotFoundException'{0x0000000720cadd70}> (0x0000000720cadd70) 
thrown [s\src\hotspot\share\prims\jni.cpp, line 516]
Event: 1089.422 Thread 0x0000014c7eb605a0 Exception <a 'java/io/FileNotFoundException'{0x0000000720bae398}> (0x0000000720bae398) 
thrown [s\src\hotspot\share\prims\jni.cpp, line 516]
Event: 1089.500 Thread 0x0000014c7eb605a0 Exception <a 'java/io/FileNotFoundException'{0x0000000720bb3aa0}> (0x0000000720bb3aa0) 
thrown [s\src\hotspot\share\prims\jni.cpp, line 516]
Event: 1094.422 Thread 0x0000014c7eb605a0 Exception <a 'java/io/FileNotFoundException'{0x0000000720655b38}> (0x0000000720655b38) 
thrown [s\src\hotspot\share\prims\jni.cpp, line 516]
Event: 1094.501 Thread 0x0000014c7eb605a0 Exception <a 'java/io/FileNotFoundException'{0x00000007206624e0}> (0x00000007206624e0) 
thrown [s\src\hotspot\share\prims\jni.cpp, line 516]
Event: 1099.424 Thread 0x0000014c7eb605a0 Exception <a 'java/io/FileNotFoundException'{0x000000072fe4fd48}> (0x000000072fe4fd48) 
thrown [s\src\hotspot\share\prims\jni.cpp, line 516]
Event: 1099.502 Thread 0x0000014c7eb605a0 Exception <a 'java/io/FileNotFoundException'{0x000000072fe59990}> (0x000000072fe59990) 
thrown [s\src\hotspot\share\prims\jni.cpp, line 516]
Event: 1104.425 Thread 0x0000014c7eb605a0 Exception <a 'java/io/FileNotFoundException'{0x000000072fcf93b0}> (0x000000072fcf93b0) 
thrown [s\src\hotspot\share\prims\jni.cpp, line 516]
Event: 1104.502 Thread 0x0000014c7eb605a0 Exception <a 'java/io/FileNotFoundException'{0x000000072fd05d38}> (0x000000072fd05d38) 
thrown [s\src\hotspot\share\prims\jni.cpp, line 516]
Event: 1109.431 Thread 0x0000014c7eb605a0 Exception <a 'java/io/FileNotFoundException'{0x000000072fbfd0a0}> (0x000000072fbfd0a0) 
thrown [s\src\hotspot\share\prims\jni.cpp, line 516]
Event: 1109.503 Thread 0x0000014c7eb605a0 Exception <a 'java/io/FileNotFoundException'{0x0000000720e07730}> (0x0000000720e07730) 
thrown [s\src\hotspot\share\prims\jni.cpp, line 516]
Event: 1114.440 Thread 0x0000014c7eb605a0 Exception <a 'java/io/FileNotFoundException'{0x0000000720ca09d0}> (0x0000000720ca09d0) 
thrown [s\src\hotspot\share\prims\jni.cpp, line 516]
Event: 1114.509 Thread 0x0000014c7eb605a0 Exception <a 'java/io/FileNotFoundException'{0x0000000720cac448}> (0x0000000720cac448) 
thrown [s\src\hotspot\share\prims\jni.cpp, line 516]
Event: 1119.428 Thread 0x0000014c7eb605a0 Exception <a 'java/io/FileNotFoundException'{0x0000000720b527c0}> (0x0000000720b527c0) 
thrown [s\src\hotspot\share\prims\jni.cpp, line 516]
Event: 1119.505 Thread 0x0000014c7eb605a0 Exception <a 'java/io/FileNotFoundException'{0x0000000720bb3a20}> (0x0000000720bb3a20) 
thrown [s\src\hotspot\share\prims\jni.cpp, line 516]
Event: 1124.428 Thread 0x0000014c7eb605a0 Exception <a 'java/io/FileNotFoundException'{0x0000000720651510}> (0x0000000720651510) 
thrown [s\src\hotspot\share\prims\jni.cpp, line 516]
Event: 1124.510 Thread 0x0000014c7eb605a0 Exception <a 'java/io/FileNotFoundException'{0x000000072065b158}> (0x000000072065b158) 
thrown [s\src\hotspot\share\prims\jni.cpp, line 516]

VM Operations (20 events):
Event: 885.715 Executing VM operation: G1CollectFull done
Event: 945.119 Executing VM operation: G1CollectFull
Event: 945.459 Executing VM operation: G1CollectFull done
Event: 967.476 Executing VM operation: Cleanup
Event: 967.476 Executing VM operation: Cleanup done
Event: 969.476 Executing VM operation: Cleanup
Event: 969.476 Executing VM operation: Cleanup done
Event: 971.476 Executing VM operation: Cleanup
Event: 971.476 Executing VM operation: Cleanup done
Event: 975.221 Executing VM operation: G1CollectFull
Event: 975.269 Executing VM operation: G1CollectFull done
Event: 1005.442 Executing VM operation: G1CollectFull
Event: 1005.813 Executing VM operation: G1CollectFull done
Event: 1035.170 Executing VM operation: G1CollectFull
Event: 1035.385 Executing VM operation: G1CollectFull done
Event: 1065.211 Executing VM operation: G1CollectFull
Event: 1065.294 Executing VM operation: G1CollectFull done
Event: 1095.273 Executing VM operation: G1CollectFull
Event: 1095.323 Executing VM operation: G1CollectFull done
Event: 1125.361 Executing VM operation: G1CollectFull

Events (20 events):
Event: 1110.681 Thread 0x0000014c18343ab0 Thread exited: 0x0000014c18343ab0
Event: 1112.664 Thread 0x0000014c1833f280 Thread added: 0x0000014c1833f280
Event: 1112.671 Thread 0x0000014c1833f280 Thread exited: 0x0000014c1833f280
Event: 1114.664 Thread 0x0000014c18340a90 Thread added: 0x0000014c18340a90
Event: 1114.672 Thread 0x0000014c18340a90 Thread exited: 0x0000014c18340a90
Event: 1116.665 Thread 0x0000014c183400f0 Thread added: 0x0000014c183400f0
Event: 1116.675 Thread 0x0000014c183400f0 Thread exited: 0x0000014c183400f0
Event: 1117.617 Thread 0x0000014c18343ab0 Thread added: 0x0000014c18343ab0
Event: 1117.626 Thread 0x0000014c18343ab0 Thread exited: 0x0000014c18343ab0
Event: 1118.666 Thread 0x0000014c18343f80 Thread added: 0x0000014c18343f80
Event: 1118.673 Thread 0x0000014c18343f80 Thread exited: 0x0000014c18343f80
Event: 1120.667 Thread 0x0000014c18343ab0 Thread added: 0x0000014c18343ab0
Event: 1120.692 Thread 0x0000014c18343ab0 Thread exited: 0x0000014c18343ab0
Event: 1122.669 Thread 0x0000014c1833f280 Thread added: 0x0000014c1833f280
Event: 1122.679 Thread 0x0000014c1833f280 Thread exited: 0x0000014c1833f280
Event: 1124.668 Thread 0x0000014c1833f280 Thread added: 0x0000014c1833f280
Event: 1124.689 Thread 0x0000014c1833f280 Thread exited: 0x0000014c1833f280
Event: 1125.334 Thread 0x0000014c1833f280 Thread added: 0x0000014c1833f280
Event: 1125.348 Thread 0x0000014c18346fa0 Thread added: 0x0000014c18346fa0
Event: 1125.361 Thread 0x0000014c18346fa0 Thread exited: 0x0000014c18346fa0


Dynamic libraries:
0x00007ff714430000 - 0x00007ff714461000 	C:\Xilinx\Vivado\2023.2\bin\unwrapped\win64.o\vivado.exe
0x00007ffc13130000 - 0x00007ffc13328000 	C:\windows\SYSTEM32\ntdll.dll
0x00007ffc123a0000 - 0x00007ffc1245d000 	C:\windows\System32\KERNEL32.DLL
0x00007ffc10c10000 - 0x00007ffc10f06000 	C:\windows\System32\KERNELBASE.dll
0x00007ffc10850000 - 0x00007ffc10950000 	C:\windows\System32\ucrtbase.dll
0x00007ffbfbf10000 - 0x00007ffbfbf9d000 	C:\windows\SYSTEM32\MSVCP140.dll
0x00007ffc09510000 - 0x00007ffc0952d000 	C:\windows\SYSTEM32\VCRUNTIME140.dll
0x00007ffc0c970000 - 0x00007ffc0c97c000 	C:\windows\SYSTEM32\VCRUNTIME140_1.dll
0x00007ffbc7050000 - 0x00007ffbc86fa000 	C:\Xilinx\Vivado\2023.2\lib\win64.o\librdi_common.dll
0x00007ffc094f0000 - 0x00007ffc0950c000 	C:\Xilinx\Vivado\2023.2\lib\win64.o\librdi_commonmain.dll
0x00007ffc129d0000 - 0x00007ffc12b6f000 	C:\windows\System32\USER32.dll
0x00007ffc10f10000 - 0x00007ffc10f32000 	C:\windows\System32\win32u.dll
0x00007ffc125d0000 - 0x00007ffc125fb000 	C:\windows\System32\GDI32.dll
0x00007ffc11040000 - 0x00007ffc11157000 	C:\windows\System32\gdi32full.dll
0x00007ffc10980000 - 0x00007ffc10a1d000 	C:\windows\System32\msvcp_win.dll
0x00007ffc12ec0000 - 0x00007ffc12f70000 	C:\windows\System32\ADVAPI32.dll
0x00007ffc13050000 - 0x00007ffc130ee000 	C:\windows\System32\msvcrt.dll
0x00007ffc12530000 - 0x00007ffc125d0000 	C:\windows\System32\sechost.dll
0x00007ffc12cd0000 - 0x00007ffc12df3000 	C:\windows\System32\RPCRT4.dll
0x00007ffc10950000 - 0x00007ffc10977000 	C:\windows\System32\bcrypt.dll
0x00007ffbdc9a0000 - 0x00007ffbdcdd0000 	C:\Xilinx\Vivado\2023.2\lib\win64.o\python38.dll
0x00007ffc11c30000 - 0x00007ffc1239b000 	C:\windows\System32\SHELL32.dll
0x00007ffbdc630000 - 0x00007ffbdc99e000 	C:\Xilinx\Vivado\2023.2\lib\win64.o\libCOIN-all.dll
0x00007ffc107e0000 - 0x00007ffc10847000 	C:\windows\System32\WINTRUST.dll
0x00007ffc12600000 - 0x00007ffc1266b000 	C:\windows\System32\WS2_32.dll
0x00007ffc12c10000 - 0x00007ffc12c65000 	C:\windows\System32\SHLWAPI.dll
0x00007ffc094d0000 - 0x00007ffc094e1000 	C:\Xilinx\Vivado\2023.2\lib\win64.o\libboost_date_time.dll
0x00007ffc056a0000 - 0x00007ffc056c1000 	C:\Xilinx\Vivado\2023.2\lib\win64.o\libboost_filesystem.dll
0x00007ffbfbe90000 - 0x00007ffbfbf09000 	C:\Xilinx\Vivado\2023.2\lib\win64.o\libboost_program_options.dll
0x00007ffbf0070000 - 0x00007ffbf0184000 	C:\Xilinx\Vivado\2023.2\lib\win64.o\libboost_regex.dll
0x00007ffc0b5d0000 - 0x00007ffc0b5dc000 	C:\Xilinx\Vivado\2023.2\lib\win64.o\libboost_xilinx.dll
0x00007ffc01f50000 - 0x00007ffc01f6c000 	C:\Xilinx\Vivado\2023.2\lib\win64.o\libboost_thread.dll
0x00007ffbdc470000 - 0x00007ffbdc626000 	C:\Xilinx\Vivado\2023.2\lib\win64.o\librdi_commonxillic.dll
0x00007ffbe1530000 - 0x00007ffbe15b2000 	C:\Xilinx\Vivado\2023.2\lib\win64.o\libhdlpsolve.dll
0x00000000698b0000 - 0x00000000699dc000 	C:\Xilinx\Vivado\2023.2\lib\win64.o\tcl85t.dll
0x00007ffbc6020000 - 0x00007ffbc7044600 	C:\Xilinx\Vivado\2023.2\lib\win64.o\libisl_iostreams.dll
0x00007ffbdc3c0000 - 0x00007ffbdc465000 	C:\Xilinx\Vivado\2023.2\lib\win64.o\libhdxml.dll
0x00007ffbfc0a0000 - 0x00007ffbfc0ca000 	C:\Xilinx\Vivado\2023.2\lib\win64.o\libisl_sysinfo.dll
0x00007ffbf75e0000 - 0x00007ffbf7645000 	C:\Xilinx\Vivado\2023.2\lib\win64.o\liblmx6.0.dll
0x00007ffbff930000 - 0x00007ffbff94a000 	C:\Xilinx\Vivado\2023.2\lib\win64.o\pthreadVC2.dll
0x00007ffbfc080000 - 0x00007ffbfc09c000 	C:\Xilinx\Vivado\2023.2\lib\win64.o\librdiconfig.dll
0x00007ffbfbe60000 - 0x00007ffbfbe81000 	C:\Xilinx\Vivado\2023.2\lib\win64.o\librdizlib.dll
0x00007ffbf3de0000 - 0x00007ffbf3df9000 	C:\windows\SYSTEM32\NETAPI32.dll
0x00007ffbdc0f0000 - 0x00007ffbdc3b1000 	C:\Xilinx\Vivado\2023.2\lib\win64.o\xerces-c_3_2.dll
0x00007ffbfca70000 - 0x00007ffbfcf46000 	C:\windows\SYSTEM32\WININET.dll
0x00007ffc09250000 - 0x00007ffc0935a000 	C:\windows\SYSTEM32\WINHTTP.dll
0x00007ffc022c0000 - 0x00007ffc024ac000 	C:\windows\SYSTEM32\urlmon.dll
0x00007ffbf72a0000 - 0x00007ffbf72a9000 	C:\windows\SYSTEM32\WSOCK32.dll
0x00007ffb9f830000 - 0x00007ffba1747000 	C:\Xilinx\Vivado\2023.2\lib\win64.o\gurobi90.dll
0x00007ffc10ab0000 - 0x00007ffc10c0e000 	C:\windows\System32\CRYPT32.dll
0x00007ffc12c70000 - 0x00007ffc12cce000 	C:\windows\System32\WLDAP32.dll
0x00007ffbe56b0000 - 0x00007ffbe56e2000 	C:\windows\SYSTEM32\VCOMP140.DLL
0x00007ffc12eb0000 - 0x00007ffc12eb8000 	C:\windows\System32\Normaliz.dll
0x00007ffc06d00000 - 0x00007ffc06d0a000 	C:\windows\SYSTEM32\VERSION.dll
0x00007ffbdbdc0000 - 0x00007ffbdc0ed000 	C:\Xilinx\Vivado\2023.2\lib\win64.o\libXil_lmgr11.dll
0x00007ffc11b50000 - 0x00007ffc11c2a000 	C:\windows\System32\COMDLG32.dll
0x00007ffc12670000 - 0x00007ffc129c3000 	C:\windows\System32\combase.dll
0x00007ffc11840000 - 0x00007ffc118ed000 	C:\windows\System32\shcore.dll
0x00007ffbfbd30000 - 0x00007ffbfbd48000 	C:\Xilinx\Vivado\2023.2\lib\win64.o\libboost_iostreams.dll
0x00007ffc12460000 - 0x00007ffc1252d000 	C:\windows\System32\OLEAUT32.dll
0x00007ffc11900000 - 0x00007ffc11a2b000 	C:\windows\System32\ole32.dll
0x00007ffbfb790000 - 0x00007ffbfb7b4000 	C:\Xilinx\Vivado\2023.2\lib\win64.o\libisl_iosutils.dll
0x00007ffc01fd0000 - 0x00007ffc0228c000 	C:\windows\SYSTEM32\iertutil.dll
0x00007ffc02290000 - 0x00007ffc022b8000 	C:\windows\SYSTEM32\srvcli.dll
0x00007ffc0fc90000 - 0x00007ffc0fc9c000 	C:\windows\SYSTEM32\netutils.dll
0x00007ffbf3140000 - 0x00007ffbf31f0000 	C:\windows\WinSxS\amd64_microsoft.windows.common-controls_6595b64144ccf1df_5.82.19041.3636_none_7931fb75243f97c8\COMCTL32.dll
0x00007ffc093f0000 - 0x00007ffc0940d000 	C:\windows\SYSTEM32\dhcpcsvc.DLL
0x00007ffc10690000 - 0x00007ffc106be000 	C:\windows\SYSTEM32\USERENV.dll
0x00007ffc0fea0000 - 0x00007ffc0ff0a000 	C:\windows\SYSTEM32\MSWSOCK.DLL
0x00007ffc0af60000 - 0x00007ffc0af69000 	C:\Xilinx\Vivado\2023.2\lib\win64.o\librdi_commonversion.dll
0x00007ffc115f0000 - 0x00007ffc11622000 	C:\windows\System32\IMM32.DLL
0x00007ffc102d0000 - 0x00007ffc102e2000 	C:\windows\SYSTEM32\MSASN1.dll
0x00007ffc100a0000 - 0x00007ffc100b8000 	C:\windows\SYSTEM32\CRYPTSP.dll
0x00007ffc0f030000 - 0x00007ffc0f042000 	C:\windows\SYSTEM32\kernel.appcore.dll
0x00007ffc0f7c0000 - 0x00007ffc0f7f4000 	C:\windows\system32\rsaenh.dll
0x00007ffc10090000 - 0x00007ffc1009c000 	C:\windows\SYSTEM32\CRYPTBASE.dll
0x00007ffc10a20000 - 0x00007ffc10aa2000 	C:\windows\System32\bcryptPrimitives.dll
0x00007ffc11160000 - 0x00007ffc1117d000 	C:\windows\System32\imagehlp.dll
0x00007ffbc5ad0000 - 0x00007ffbc601d000 	C:\Xilinx\Vivado\2023.2\lib\win64.o\librdi_commontasks.dll
0x00007ffbcc5e0000 - 0x00007ffbcc90b800 	C:\Xilinx\Vivado\2023.2\lib\win64.o\librdi_sio.dll
0x00007ffc0fb80000 - 0x00007ffc0fbbb000 	C:\windows\SYSTEM32\IPHLPAPI.DLL
0x00007ffbc4ce0000 - 0x00007ffbc5928000 	C:\Xilinx\Vivado\2023.2\tps\win64\jre17.0.7_7\bin\server\jvm.dll
0x00007ffc0d790000 - 0x00007ffc0d7b7000 	C:\windows\SYSTEM32\WINMM.dll
0x00007ffc0f000000 - 0x00007ffc0f023000 	C:\windows\SYSTEM32\gpapi.dll
0x00007ffbfdab0000 - 0x00007ffbfdae1000 	C:\Windows\System32\cryptnet.dll
0x00007ffc10710000 - 0x00007ffc10733000 	C:\windows\SYSTEM32\profapi.dll
0x00007ffc09b50000 - 0x00007ffc09b5b000 	C:\windows\SYSTEM32\WINNSI.DLL
0x00007ffc12b70000 - 0x00007ffc12b78000 	C:\windows\System32\NSI.dll
0x00007ffc106c0000 - 0x00007ffc106f2000 	C:\windows\SYSTEM32\SspiCli.dll
0x00007ffbcd6f0000 - 0x00007ffbcd707000 	C:\windows\system32\napinsp.dll
0x00007ffbcd6d0000 - 0x00007ffbcd6eb000 	C:\windows\system32\pnrpnsp.dll
0x00007ffbfc400000 - 0x00007ffbfc415000 	C:\windows\system32\wshbth.dll
0x00007ffc0b5b0000 - 0x00007ffc0b5cd000 	C:\windows\system32\NLAapi.dll
0x00007ffc0fbc0000 - 0x00007ffc0fc8b000 	C:\windows\SYSTEM32\DNSAPI.dll
0x00007ffbcd6b0000 - 0x00007ffbcd6c2000 	C:\windows\System32\winrnr.dll
0x00007ffc0e2a0000 - 0x00007ffc0ea3e000 	C:\windows\SYSTEM32\windows.storage.dll
0x00007ffc10140000 - 0x00007ffc1016e000 	C:\windows\SYSTEM32\Wldp.dll
0x00007ffb92030000 - 0x00007ffb94df6000 	C:\Xilinx\Vivado\2023.2\lib\win64.o\librdi_tcltasks.dll
0x00007ffbdbd30000 - 0x00007ffbdbdb3000 	C:\Xilinx\Vivado\2023.2\lib\win64.o\librdi_boarddep.dll
0x00007ffbc47f0000 - 0x00007ffbc4cd1000 	C:\Xilinx\Vivado\2023.2\lib\win64.o\librdi_bitstream.dll
0x00007ffbdb660000 - 0x00007ffbdb860000 	C:\Xilinx\Vivado\2023.2\lib\win64.o\librdi_board.dll
0x00007ffbdbc00000 - 0x00007ffbdbd2a000 	C:\Xilinx\Vivado\2023.2\lib\win64.o\librdi_chipscope.dll
0x00007ffbc45e0000 - 0x00007ffbc47e7000 	C:\Xilinx\Vivado\2023.2\lib\win64.o\librdi_chipscopeimpl.dll
0x00007ffbd4ed0000 - 0x00007ffbd503e000 	C:\Xilinx\Vivado\2023.2\lib\win64.o\librdi_containers.dll
0x00007ffb8f550000 - 0x00007ffb91c45000 	C:\Xilinx\Vivado\2023.2\lib\win64.o\librdi_constraints.dll
0x00007ffb99d40000 - 0x00007ffb9bb47000 	C:\Xilinx\Vivado\2023.2\lib\win64.o\librdi_designutils.dll
0x00007ffb96390000 - 0x00007ffb97993000 	C:\Xilinx\Vivado\2023.2\lib\win64.o\librdi_device.dll
0x00007ffb8ce10000 - 0x00007ffb8f546000 	C:\Xilinx\Vivado\2023.2\lib\win64.o\librdi_coregen.dll
0x00007ffbc4240000 - 0x00007ffbc45df000 	C:\Xilinx\Vivado\2023.2\lib\win64.o\librdi_dlyest.dll
0x00007ffbbf270000 - 0x00007ffbbf9a6000 	C:\Xilinx\Vivado\2023.2\lib\win64.o\librdi_drc.dll
0x00007ffbcca80000 - 0x00007ffbccb34000 	C:\Xilinx\Vivado\2023.2\lib\win64.o\librdi_dsp.dll
0x00007ffbe4910000 - 0x00007ffbe497b000 	C:\Xilinx\Vivado\2023.2\lib\win64.o\librdi_hdf.dll
0x00007ffbbe440000 - 0x00007ffbbebff000 	C:\Xilinx\Vivado\2023.2\lib\win64.o\librdi_filemgmt.dll
0x00007ffbbef80000 - 0x00007ffbbf264000 	C:\Xilinx\Vivado\2023.2\lib\win64.o\librdi_hip_devdesign.dll
0x00007ffbc40f0000 - 0x00007ffbc4238000 	C:\Xilinx\Vivado\2023.2\lib\win64.o\librdi_hip_perf_analysis.dll
0x00007ffb9bfc0000 - 0x00007ffb9ce70000 	C:\Xilinx\Vivado\2023.2\lib\win64.o\librdi_ippcw.dll
0x00007ffb9df60000 - 0x00007ffb9f0a3000 	C:\Xilinx\Vivado\2023.2\lib\win64.o\librdi_implflow.dll
0x00007ffb95af0000 - 0x00007ffb9638a000 	C:\Xilinx\Vivado\2023.2\lib\win64.o\librdi_lopt.dll
0x00007ffba2e50000 - 0x00007ffba34a6000 	C:\Xilinx\Vivado\2023.2\lib\win64.o\librdi_memdata.dll
0x00007ffbdb390000 - 0x00007ffbdb40d000 	C:\Xilinx\Vivado\2023.2\lib\win64.o\librdi_memoryarray.dll
0x00007ffb89bb0000 - 0x00007ffb8a3b4000 	C:\Xilinx\Vivado\2023.2\lib\win64.o\librdi_netlist.dll
0x00007ffbe0250000 - 0x00007ffbe02ac000 	C:\Xilinx\Vivado\2023.2\lib\win64.o\librdi_pfi.dll
0x00007ffbccfb0000 - 0x00007ffbcd022000 	C:\Xilinx\Vivado\2023.2\lib\win64.o\librdi_noc_frameworks.dll
0x00007ffb9f3b0000 - 0x00007ffb9f82e000 	C:\Xilinx\Vivado\2023.2\lib\win64.o\librdi_platform.dll
0x00007ffb87380000 - 0x00007ffb89ba4000 	C:\Xilinx\Vivado\2023.2\lib\win64.o\librdi_cdoutil.dll
0x00007ffb83bc0000 - 0x00007ffb844b2000 	C:\Xilinx\Vivado\2023.2\lib\win64.o\librdi_power.dll
0x00007ffb8a3c0000 - 0x00007ffb8ce01000 	C:\Xilinx\Vivado\2023.2\lib\win64.o\librdi_mig.dll
0x00007ffb844c0000 - 0x00007ffb8737c000 	C:\Xilinx\Vivado\2023.2\lib\win64.o\librdi_place.dll

dbghelp: loaded successfully - version: 4.0.5 - missing functions: none
symbol engine: initialized successfully - sym options: 0x614 - pdb path: .;C:\Xilinx\Vivado\2023.2\bin\unwrapped\win64.o;C:\windows\SYSTEM32;C:\Xilinx\Vivado\2023.2\lib\win64.o;C:\windows\WinSxS\amd64_microsoft.windows.common-controls_6595b64144ccf1df_5.82.19041.3636_none_7931fb75243f97c8;C:\Xilinx\Vivado\2023.2\tps\win64\jre17.0.7_7\bin\server;C:\Xilinx\Vivado\2023.2\tps\win64\jre17.0.7_7\bin;C:\Program Files\Huawei\PCManager\plugins;C:\windows\WinSxS\amd64_microsoft.windows.common-controls_6595b64144ccf1df_6.0.19041.3636_none_60b6a03d71f818d5;C:\windows\WinSxS\amd64_microsoft.windows.gdiplus_6595b64144ccf1df_1.1.19041.3996_none_91a79472cc852ba0

VM Arguments:
jvm_args: -Dsun.java2d.pmoffscreen=false -Dhttps.protocols=TLSv1,TLSv1.1,TLSv1.2 -Dsun.java2d.xrender=false -Dsun.java2d.d3d=false -Dsun.awt.nopixfmt=true -Dsun.java2d.dpiaware=true -Dsun.java2d.uiScale.enabled=false -Dswing.aatext=true -XX:-UsePerfData -Djdk.map.althashing.threshold=512 -XX:StringTableSize=4072 -XX:+UseStringDeduplication -XX:MaxGCPauseMillis=200 -XX:+ParallelRefProcEnabled --add-opens=java.desktop/javax.swing.plaf.synth=ALL-UNNAMED --add-opens=java.base/java.nio=ALL-UNNAMED --add-opens=java.desktop/sun.swing=ALL-UNNAMED --add-opens=java.desktop/javax.swing=ALL-UNNAMED --add-opens=java.desktop/javax.swing.tree=ALL-UNNAMED --add-opens=java.desktop/javax.swing.plaf.basic=ALL-UNNAMED --add-opens=java.desktop/javax.swing.plaf.synth=ALL-UNNAMED --add-opens=java.desktop/javax.swing.plaf.basic=ALL-UNNAMED --add-opens=java.desktop/javax.swing=ALL-UNNAMED --add-opens=java.desktop/javax.swing.tree=ALL-UNNAMED --add-opens=java.desktop/java.awt.event=ALL-UNNAMED --add-exports=java.desktop/javax.swing.plaf.synth=ALL-UNNAMED --add-exports=java.base/java.nio=ALL-UNNAMED --add-exports=java.desktop/sun.swing=ALL-UNNAMED --add-exports=java.desktop/javax.swing=ALL-UNNAMED --add-exports=java.desktop/javax.swing.tree=ALL-UNNAMED --add-exports=java.desktop/javax.swing.plaf.basic=ALL-UNNAMED --add-exports=java.desktop/sun.swing=ALL-UNNAMED --add-exports=java.desktop/sun.swing.table=ALL-UNNAMED --add-exports=java.desktop/sun.swing.plaf.synth=ALL-UNNAMED --add-exports=java.desktop/sun.awt.shell=ALL-UNNAMED --add-exports=java.base/sun.security.action=ALL-UNNAMED --add-exports=java.desktop/sun.font=ALL-UNNAMED -XX:NewSize=80m -XX:MaxNewSize=80m -Xms512m -Xmx4072m -Xss10m 
java_command: <unknown>
java_class_path (initial): C:/Xilinx/Vivado/2023.2\lib\classes\alloy.jar;C:/Xilinx/Vivado/2023.2\lib\classes\asm-9.3.jar;C:/Xilinx/Vivado/2023.2\lib\classes\asm-analysis-9.3.jar;C:/Xilinx/Vivado/2023.2\lib\classes\asm-commons-9.3.jar;C:/Xilinx/Vivado/2023.2\lib\classes\asm-tree-9.3.jar;C:/Xilinx/Vivado/2023.2\lib\classes\autoesl-models.jar;C:/Xilinx/Vivado/2023.2\lib\classes\batik-anim.jar;C:/Xilinx/Vivado/2023.2\lib\classes\batik-awt-util.jar;C:/Xilinx/Vivado/2023.2\lib\classes\batik-bridge.jar;C:/Xilinx/Vivado/2023.2\lib\classes\batik-codec.jar;C:/Xilinx/Vivado/2023.2\lib\classes\batik-constants.jar;C:/Xilinx/Vivado/2023.2\lib\classes\batik-css.jar;C:/Xilinx/Vivado/2023.2\lib\classes\batik-dom.jar;C:/Xilinx/Vivado/2023.2\lib\classes\batik-ext.jar;C:/Xilinx/Vivado/2023.2\lib\classes\batik-gui-util.jar;C:/Xilinx/Vivado/2023.2\lib\classes\batik-gvt.jar;C:/Xilinx/Vivado/2023.2\lib\classes\batik-i18n.jar;C:/Xilinx/Vivado/2023.2\lib\classes\batik-parser.jar;C:/Xilinx/Vivado/2023.2\lib\classes\batik-script.jar;C:/Xilinx/Vivado/2023.2\lib\classes\batik-svg-dom.jar;C:/Xilinx/Vivado/2023.2\lib\classes\batik-svggen.jar;C:/Xilinx/Vivado/2023.2\lib\classes\batik-swing.jar;C:/Xilinx/Vivado/2023.2\lib\classes\batik-transcoder.jar;C:/Xilinx/Vivado/2023.2\lib\classes\batik-util.jar;C:/Xilinx/Vivado/2023.2\lib\classes\batik-xml.jar;C:/Xilinx/Vivado/2023.2\lib\classes\com.fasterxml.jackson.core.jackson-annotations_2.12.1.v20210128-1726.jar;C:/Xilinx/Vivado/2023.2\lib\classes\com.fasterxml.jackson.core.jackson-core_2.12.1.v20210128-1726.jar;C:/Xilinx/Vivado/2023.2\lib\classes\com.fasterxml.jackson.core.jackson-databind_2.12.1.v20210128-1726.jar;C:/Xilinx/Vivado/2023.2\lib\classes\com.google.gson_2.8.9.v20220111-1409.jar;C:/Xilinx/Vivado/2023.2\lib\classes\com.google.guava_30.1.0.v20210127-2300.jar;C:/Xilinx/Vivado/2023.2\lib\classes\com.sigasi.hdt.connection_4.17.2.202304211001.jar;C:/Xilinx/Vivado/2023.2\lib\classes\com.sigasi.hdt.epl_4.17.2.202304211001.jar;C:/Xilinx/Vivado/2023.
Launcher Type: generic

[Global flags]
     intx CICompilerCount                          = 4                                         {product} {ergonomic}
     uint ConcGCThreads                            = 2                                         {product} {ergonomic}
     uint G1ConcRefinementThreads                  = 8                                         {product} {ergonomic}
   size_t G1HeapRegionSize                         = 2097152                                   {product} {ergonomic}
    uintx GCDrainStackTargetSize                   = 64                                        {product} {ergonomic}
   size_t InitialHeapSize                          = 536870912                                 {product} {command line}
   size_t MarkStackSize                            = 4194304                                   {product} {ergonomic}
    uintx MaxGCPauseMillis                         = 200                                       {product} {command line}
   size_t MaxHeapSize                              = 4269801472                                {product} {command line}
   size_t MaxNewSize                               = 83886080                                  {product} {command line}
   size_t MinHeapDeltaBytes                        = 2097152                                   {product} {ergonomic}
   size_t MinHeapSize                              = 536870912                                 {product} {command line}
   size_t NewSize                                  = 83886080                                  {product} {command line}
    uintx NonNMethodCodeHeapSize                   = 5839372                                {pd product} {ergonomic}
    uintx NonProfiledCodeHeapSize                  = 122909434                              {pd product} {ergonomic}
     bool ParallelRefProcEnabled                   = true                                      {product} {command line}
    uintx ProfiledCodeHeapSize                     = 122909434                              {pd product} {ergonomic}
    uintx ReservedCodeCacheSize                    = 251658240                              {pd product} {ergonomic}
     bool SegmentedCodeCache                       = true                                      {product} {ergonomic}
   size_t SoftMaxHeapSize                          = 4269801472                             {manageable} {ergonomic}
    uintx StringTableSize                          = 4072                                      {product} {command line}
     intx ThreadStackSize                          = 10240                                  {pd product} {command line}
     bool UseCompressedClassPointers               = true                           {product lp64_product} {ergonomic}
     bool UseCompressedOops                        = true                           {product lp64_product} {ergonomic}
     bool UseG1GC                                  = true                                      {product} {ergonomic}
     bool UseLargePagesIndividualAllocation        = false                                  {pd product} {ergonomic}
     bool UsePerfData                              = false                                     {product} {command line}
     bool UseStringDeduplication                   = true                                      {product} {command line}

Logging:
Log output configuration:
 #0: stdout all=warning uptime,level,tags
 #1: stderr all=off uptime,level,tags

Environment Variables:
PATH=C:/Xilinx/Vivado/2023.2/bin;C:/Xilinx/Vivado/2023.2/tps/win64/java-cef-95.0.4638.69/bin/lib/win64;C:/Xilinx/Vivado/2023.2/tps/win64/javafx-sdk-17.0.1/lib;C:/Xilinx/Vivado/2023.2/tps/win64/javafx-sdk-17.0.1/bin;C:/Xilinx/Vivado/2023.2/lib/win64.o;C:/Xilinx/Vivado/2023.2/tps/win64/jre17.0.7_7/bin/server;C:/Xilinx/Vivado/2023.2/tps/win64/jre17.0.7_7/bin;C:/Xilinx/Vivado/2023.2/ids_lite/ISE/bin/nt64;C:/Xilinx/Vivado/2023.2/ids_lite/ISE/lib/nt64;C:/Xilinx/Vitis_HLS/2023.2/bin;C:\Program Files (x86)\Common Files\Oracle\Java\javapath;C:\windows\system32;C:\windows;C:\windows\System32\Wbem;C:\windows\System32\WindowsPowerShell\v1.0\;C:\windows\System32\OpenSSH\;C:\Program Files\dotnet\;C:\Users\Marcos\AppData\Local\Microsoft\WindowsApps;C:\Users\Marcos\AppData\Local\Programs\Microsoft VS Code\bin;C:\Users\Marcos\AppData\Local\GitHubDesktop\bin;C:\Users\Marcos\.dotnet\tools;C:/Xilinx/Vivado/2023.2\tps\mingw\6.2.0\win64.o\nt\bin;C:/Xilinx/Vivado/2023.2\tps\mingw\6.2.0\win64.o\nt\libexec\gcc\x86_64-w64-mingw32\6.2.0;C:/Xilinx/Vivado/2023.2\tps\win64\python-3.8.3;C:/Xilinx/Vivado/2023.2\tps\win64\python-3.8.3\bin;C:/Xilinx/Vivado/2023.2\tps\win64\python-3.8.3\lib;C:/Xilinx/Vivado/2023.2\tps\win64\python-3.8.3\lib\site-packages
USERNAME=Marcos
OS=Windows_NT
PROCESSOR_IDENTIFIER=AMD64 Family 23 Model 24 Stepping 1, AuthenticAMD
TMP=C:\Users\Marcos\AppData\Local\Temp
TEMP=C:\Users\Marcos\AppData\Local\Temp



---------------  S Y S T E M  ---------------

OS:
 Windows 10 , 64 bit Build 19041 (10.0.19041.3636)
OS uptime: 0 days 1:00 hours

CPU: total 8 (initial active 8) (8 cores per cpu, 2 threads per core) family 23 model 24 stepping 1 microcode 0x0, cx8, cmov, fxsr, ht, mmx, 3dnowpref, sse, sse2, sse3, ssse3, sse4a, sse4.1, sse4.2, popcnt, lzcnt, tsc, tscinvbit, avx, avx2, aes, clmul, bmi1, bmi2, adx, sha, fma, vzeroupper, clflush, clflushopt

Memory: 4k page, system-wide physical 7103M (550M free)
TotalPageFile size 24748M (AvailPageFile size 3M)
current process WorkingSet (physical memory assigned to process): 126M, peak: 1113M
current process commit charge ("private bytes"): 1470M, peak: 1476M

vm_info: OpenJDK 64-Bit Server VM (17.0.7+7) for windows-amd64 JRE (17.0.7+7), built on Apr 18 2023 22:10:42 by "temurin" with MS VC++ 16.7 (VS2019)

END.
